#
# There is insufficient memory for the Java Runtime Environment to continue.
# Native memory allocation (mmap) failed to map 67108864 bytes for G1 virtual space
# Possible reasons:
#   The system is out of physical RAM or swap space
#   The process is running with CompressedOops enabled, and the Java Heap may be blocking the growth of the native heap
# Possible solutions:
#   Reduce memory load on the system
#   Increase physical memory or swap space
#   Check if swap backing store is full
#   Decrease Java heap size (-Xmx/-Xms)
#   Decrease number of Java threads
#   Decrease Java thread stack sizes (-Xss)
#   Set larger code cache with -XX:ReservedCodeCacheSize=
#   JVM is running with Unscaled Compressed Oops mode in which the Java heap is
#     placed in the first 4GB address space. The Java Heap base address is the
#     maximum limit for the native heap growth. Please use -XX:HeapBaseMinAddress
#     to set the Java Heap base and to place the Java Heap above 4GB virtual address.
# This output file may be truncated or incomplete.
#
#  Out of Memory Error (os_windows.cpp:3530), pid=3580, tid=1064
#
# JRE version:  (18.0+36) (build )
# Java VM: Java HotSpot(TM) 64-Bit Server VM (18+36-2087, mixed mode, sharing, tiered, compressed oops, compressed class ptrs, g1 gc, windows-amd64)
# No core dump will be written. Minidumps are not enabled by default on client versions of Windows
#

---------------  S U M M A R Y ------------

Command Line: -Xmx64m -Xms64m -Dorg.gradle.appname=gradlew org.gradle.wrapper.GradleWrapperMain app:installDebug -PreactNativeDevServerPort=8081

Host: 11th Gen Intel(R) Core(TM) i5-1135G7 @ 2.40GHz, 8 cores, 7G,  Windows 11 , 64 bit Build 22621 (10.0.22621.1635)
Time: Wed May 10 13:00:47 2023 SE Asia Standard Time elapsed time: 0.035537 seconds (0d 0h 0m 0s)

---------------  T H R E A D  ---------------

Current thread (0x0000022e074aa1f0):  JavaThread "Unknown thread" [_thread_in_vm, id=1064, stack(0x0000009a57600000,0x0000009a57700000)]

Stack: [0x0000009a57600000,0x0000009a57700000]
Native frames: (J=compiled Java code, j=interpreted, Vv=VM code, C=native code)
V  [jvm.dll+0x69804a]
V  [jvm.dll+0x7f308d]
V  [jvm.dll+0x7f499e]
V  [jvm.dll+0x7f5053]
V  [jvm.dll+0x25ca3f]
V  [jvm.dll+0x694f99]
V  [jvm.dll+0x689aca]
V  [jvm.dll+0x321efb]
V  [jvm.dll+0x3298d6]
V  [jvm.dll+0x37e47e]
V  [jvm.dll+0x37e6af]
V  [jvm.dll+0x2f9c7a]
V  [jvm.dll+0x2facdd]
V  [jvm.dll+0x7c1cc0]
V  [jvm.dll+0x38b801]
V  [jvm.dll+0x7a09d3]
V  [jvm.dll+0x40d6bf]
V  [jvm.dll+0x40f091]
C  [jli.dll+0x526b]
C  [ucrtbase.dll+0x29363]
C  [KERNEL32.DLL+0x126ad]
C  [ntdll.dll+0x5a9f8]


---------------  P R O C E S S  ---------------

Threads class SMR info:
_java_thread_list=0x00007ffbfcb5e550, length=0, elements={
}

Java Threads: ( => current thread )

Other Threads:
  0x0000022e074cf3a0 WorkerThread "GC Thread#0" [stack: 0x0000009a57700000,0x0000009a57800000] [id=17600]
  0x0000022e074d2ae0 ConcurrentGCThread "G1 Main Marker" [stack: 0x0000009a57800000,0x0000009a57900000] [id=3904]
  0x0000022e074d34d0 WorkerThread "G1 Conc#0" [stack: 0x0000009a57900000,0x0000009a57a00000] [id=1252]

[error occurred during error reporting (printing all threads), id 0xc0000005, EXCEPTION_ACCESS_VIOLATION (0xc0000005) at pc=0x00007ffbfc38a217]

VM state: not at safepoint (not fully initialized)

VM Mutex/Monitor currently owned by a thread:  ([mutex/lock_event])
[0x0000022e074a8670] Heap_lock - owner thread: 0x0000022e074aa1f0

Heap address: 0x00000000fc000000, size: 64 MB, Compressed Oops mode: 32-bit

CDS archive(s) mapped at: [0x0000000000000000-0x0000000000000000-0x0000000000000000), size 0, SharedBaseAddress: 0x0000000800000000, ArchiveRelocationMode: 0.
Narrow klass base: 0x0000000000000000, Narrow klass shift: 0, Narrow klass range: 0x0

GC Precious Log:
 CardTable entry size: 512
 Card Set container configuration: InlinePtr #cards 5 size 8 Array Of Cards #cards 12 size 40 Howl #buckets 4 coarsen threshold 1843 Howl Bitmap #cards 512 size 80 coarsen threshold 460 Card regions per heap region 1 cards per card region 2048

Heap:
 garbage-first heap   total 0K, used 0K [0x00000000fc000000, 0x0000000100000000)
  region size 1024K, 0 young (0K), 0 survivors (0K)

[error occurred during error reporting (printing heap information), id 0xc0000005, EXCEPTION_ACCESS_VIOLATION (0xc0000005) at pc=0x00007ffbfc770489]

GC Heap History (0 events):
No events

Deoptimization events (0 events):
No events

Classes loaded (0 events):
No events

Classes unloaded (0 events):
No events

Classes redefined (0 events):
No events

Internal exceptions (0 events):
No events

VM Operations (0 events):
No events

Events (1 events):
Event: 0.022 Loaded shared library C:\Program Files\Java\jdk-18\bin\java.dll


Dynamic libraries:
0x00007ff75ed90000 - 0x00007ff75eda0000 	C:\Program Files\Java\jdk-18\bin\java.exe
0x00007ffc91f10000 - 0x00007ffc92124000 	C:\WINDOWS\SYSTEM32\ntdll.dll
0x00007ffc90b60000 - 0x00007ffc90c22000 	C:\WINDOWS\System32\KERNEL32.DLL
0x00007ffc8f8a0000 - 0x00007ffc8fc43000 	C:\WINDOWS\System32\KERNELBASE.dll
0x00007ffc8f480000 - 0x00007ffc8f591000 	C:\WINDOWS\System32\ucrtbase.dll
0x00007ffc42910000 - 0x00007ffc42928000 	C:\Program Files\Java\jdk-18\bin\jli.dll
0x00007ffc42370000 - 0x00007ffc4238a000 	C:\Program Files\Java\jdk-18\bin\VCRUNTIME140.dll
0x00007ffc910c0000 - 0x00007ffc9116e000 	C:\WINDOWS\System32\ADVAPI32.dll
0x00007ffc90cb0000 - 0x00007ffc90d57000 	C:\WINDOWS\System32\msvcrt.dll
0x00007ffc90ab0000 - 0x00007ffc90b54000 	C:\WINDOWS\System32\sechost.dll
0x00007ffc90220000 - 0x00007ffc90337000 	C:\WINDOWS\System32\RPCRT4.dll
0x00007ffc90f10000 - 0x00007ffc910bb000 	C:\WINDOWS\System32\USER32.dll
0x00007ffc8f450000 - 0x00007ffc8f476000 	C:\WINDOWS\System32\win32u.dll
0x00007ffc91340000 - 0x00007ffc91369000 	C:\WINDOWS\System32\GDI32.dll
0x00007ffc8f5a0000 - 0x00007ffc8f6b8000 	C:\WINDOWS\System32\gdi32full.dll
0x00007ffc8f330000 - 0x00007ffc8f3ca000 	C:\WINDOWS\System32\msvcp_win.dll
0x00007ffc7c120000 - 0x00007ffc7c3ae000 	C:\WINDOWS\WinSxS\amd64_microsoft.windows.common-controls_6595b64144ccf1df_6.0.22621.1635_none_270f70857386168e\COMCTL32.dll
0x00007ffc84f20000 - 0x00007ffc84f2a000 	C:\WINDOWS\SYSTEM32\VERSION.dll
0x00007ffc90340000 - 0x00007ffc90371000 	C:\WINDOWS\System32\IMM32.DLL
0x00007ffc5f780000 - 0x00007ffc5f78c000 	C:\Program Files\Java\jdk-18\bin\vcruntime140_1.dll
0x00007ffc26860000 - 0x00007ffc268ed000 	C:\Program Files\Java\jdk-18\bin\msvcp140.dll
0x00007ffbfc080000 - 0x00007ffbfcc91000 	C:\Program Files\Java\jdk-18\bin\server\jvm.dll
0x00007ffc90e40000 - 0x00007ffc90e48000 	C:\WINDOWS\System32\PSAPI.DLL
0x00007ffc4ac30000 - 0x00007ffc4ac39000 	C:\WINDOWS\SYSTEM32\WSOCK32.dll
0x00007ffc90c30000 - 0x00007ffc90ca1000 	C:\WINDOWS\System32\WS2_32.dll
0x00007ffc7c570000 - 0x00007ffc7c5a4000 	C:\WINDOWS\SYSTEM32\WINMM.dll
0x00007ffc8e420000 - 0x00007ffc8e438000 	C:\WINDOWS\SYSTEM32\kernel.appcore.dll
0x00007ffc49d70000 - 0x00007ffc49d7a000 	C:\Program Files\Java\jdk-18\bin\jimage.dll
0x00007ffc8cec0000 - 0x00007ffc8d0ee000 	C:\WINDOWS\SYSTEM32\DBGHELP.DLL
0x00007ffc8fd40000 - 0x00007ffc900c9000 	C:\WINDOWS\System32\combase.dll
0x00007ffc90d60000 - 0x00007ffc90e37000 	C:\WINDOWS\System32\OLEAUT32.dll
0x00007ffc755c0000 - 0x00007ffc755f2000 	C:\WINDOWS\SYSTEM32\dbgcore.DLL
0x00007ffc8f3d0000 - 0x00007ffc8f44b000 	C:\WINDOWS\System32\bcryptPrimitives.dll
0x00007ffc2ca20000 - 0x00007ffc2ca45000 	C:\Program Files\Java\jdk-18\bin\java.dll

dbghelp: loaded successfully - version: 4.0.5 - missing functions: none
symbol engine: initialized successfully - sym options: 0x614 - pdb path: .;C:\Program Files\Java\jdk-18\bin;C:\WINDOWS\SYSTEM32;C:\WINDOWS\WinSxS\amd64_microsoft.windows.common-controls_6595b64144ccf1df_6.0.22621.1635_none_270f70857386168e;C:\Program Files\Java\jdk-18\bin\server

VM Arguments:
jvm_args: -Xmx64m -Xms64m -Dorg.gradle.appname=gradlew 
java_command: org.gradle.wrapper.GradleWrapperMain app:installDebug -PreactNativeDevServerPort=8081
java_class_path (initial): C:\Users\USER\Documents\GitHub\Homestayreact\android\\gradle\wrapper\gradle-wrapper.jar
Launcher Type: SUN_STANDARD

[Global flags]
     intx CICompilerCount                          = 4                                         {product} {ergonomic}
     uint ConcGCThreads                            = 2                                         {product} {ergonomic}
     uint G1ConcRefinementThreads                  = 8                                         {product} {ergonomic}
   size_t G1HeapRegionSize                         = 1048576                                   {product} {ergonomic}
    uintx GCDrainStackTargetSize                   = 64                                        {product} {ergonomic}
   size_t InitialHeapSize                          = 67108864                                  {product} {command line}
   size_t MarkStackSize                            = 4194304                                   {product} {ergonomic}
   size_t MaxHeapSize                              = 67108864                                  {product} {command line}
   size_t MinHeapDeltaBytes                        = 1048576                                   {product} {ergonomic}
   size_t MinHeapSize                              = 67108864                                  {product} {command line}
    uintx NonNMethodCodeHeapSize                   = 5839372                                {pd product} {ergonomic}
    uintx NonProfiledCodeHeapSize                  = 122909434                              {pd product} {ergonomic}
    uintx ProfiledCodeHeapSize                     = 122909434                              {pd product} {ergonomic}
    uintx ReservedCodeCacheSize                    = 251658240                              {pd product} {ergonomic}
     bool SegmentedCodeCache                       = true                                      {product} {ergonomic}
   size_t SoftMaxHeapSize                          = 67108864                               {manageable} {ergonomic}
     bool UseCompressedClassPointers               = true                           {product lp64_product} {ergonomic}
     bool UseCompressedOops                        = true                           {product lp64_product} {ergonomic}
     bool UseG1GC                                  = true                                      {product} {ergonomic}
     bool UseLargePagesIndividualAllocation        = false                                  {pd product} {ergonomic}

Logging:
Log output configuration:
 #0: stdout all=warning uptime,level,tags foldmultilines=false
 #1: stderr all=off uptime,level,tags foldmultilines=false

Environment Variables:
JAVA_HOME=C:\Program Files\Java\jdk-18
CLASSPATH=C:\Users\USER\Documents\GitHub\Homestayreact\android\\gradle\wrapper\gradle-wrapper.jar
PATH=C:\Users\USER\Documents\GitHub\Homestayreact\android\node_modules\.bin;C:\Users\USER\Documents\GitHub\Homestayreact\node_modules\.bin;C:\Users\USER\Documents\GitHub\node_modules\.bin;C:\Users\USER\Documents\node_modules\.bin;C:\Users\USER\node_modules\.bin;C:\Users\node_modules\.bin;C:\node_modules\.bin;C:\Program Files\nodejs;C:\Users\USER\AppData\Local\Temp\yarn--1683698439484-0.09353191925261184;C:\Users\USER\Documents\GitHub\Homestayreact\node_modules\.bin;C:\Users\USER\AppData\Local\Yarn\Data\link\node_modules\.bin;C:\Program Files\libexec\lib\node_modules\npm\bin\node-gyp-bin;C:\Program Files\lib\node_modules\npm\bin\node-gyp-bin;C:\Program Files\nodejs\node_modules\npm\bin\node-gyp-bin;C:\Program Files\Common Files\Oracle\Java\javapath;C:\Windows\system32;C:\Windows;C:\Windows\System32\Wbem;C:\Windows\System32\WindowsPowerShell\v1.0\;C:\Windows\System32\OpenSSH\;C:\Program Files (x86)\NVIDIA Corporation\PhysX\Common;C:\Program Files\NVIDIA Corporation\NVIDIA NvDLISR;C:\WINDOWS\system32;C:\WINDOWS;C:\WINDOWS\System32\Wbem;C:\WINDOWS\System32\WindowsPowerShell\v1.0\;C:\WINDOWS\System32\OpenSSH\;C:\Program Files\Microsoft SQL Server\Client SDK\ODBC\170\Tools\Binn\;C:\Program Files (x86)\Microsoft SQL Server\150\Tools\Binn\;C:\Program Files\Microsoft SQL Server\150\Tools\Binn\;C:\Program Files\Microsoft SQL Server\150\DTS\Binn\;C:\Program Files (x86)\Microsoft SQL Server\150\DTS\Binn\;C:\Program Files\Azure Data Studio\bin;C:\Program Files\nodejs\;C:\Program Files (x86)\Yarn\bin\;C:\Program Files\dotnet\;C:\Program Files\Git\cmd;C:\WINDOWS\system32;C:\WINDOWS;C:\WINDOWS\System32\Wbem;C:\WINDOWS\System32\WindowsPowerShell\v1.0\;C:\WINDOWS\System32\OpenSSH\;C:\Users\USER\.amplify\bin;C:\Users\USER\AppData\Local\Microsoft\WindowsApps;C:\Program Files\Azure Data Studio\bin;C:\Users\USER\AppData\Roaming\npm;C:\Users\USER\AppData\Local\Programs\Microsoft VS Code\bin;C:\Users\USER\AppData\Local\Yarn\bin;C:\Users\USER\AppData\Local\GitHubDesktop\bin;C:\Users\USER\.dotnet\tools;
USERNAME=USER
LANG=en_US.UTF-8
OS=Windows_NT
PROCESSOR_IDENTIFIER=Intel64 Family 6 Model 140 Stepping 1, GenuineIntel



---------------  S Y S T E M  ---------------

OS:
 Windows 11 , 64 bit Build 22621 (10.0.22621.1635)
OS uptime: 0 days 0:08 hours

CPU: total 8 (initial active 8) (4 cores per cpu, 2 threads per core) family 6 model 140 stepping 1 microcode 0x60, cx8, cmov, fxsr, ht, mmx, 3dnowpref, sse, sse2, sse3, ssse3, sse4.1, sse4.2, popcnt, lzcnt, tsc, tscinvbit, avx, avx2, aes, erms, clmul, bmi1, bmi2, adx, avx512f, avx512dq, avx512cd, avx512bw, avx512vl, sha, fma, vzeroupper, avx512_vpopcntdq, avx512_vpclmulqdq, avx512_vaes, avx512_vnni, clflush, clflushopt, clwb, avx512_vbmi2, avx512_vbmi

Memory: 4k page, system-wide physical 7893M (215M free)
TotalPageFile size 32469M (AvailPageFile size 52M)
current process WorkingSet (physical memory assigned to process): 11M, peak: 11M
current process commit charge ("private bytes"): 59M, peak: 123M

vm_info: Java HotSpot(TM) 64-Bit Server VM (18+36-2087) for windows-amd64 JRE (18+36-2087), built on Feb 15 2022 09:43:11 by "mach5one" with MS VC++ 16.8 / 16.9 (VS2019)

END.
