#
# There is insufficient memory for the Java Runtime Environment to continue.
# Native memory allocation (malloc) failed to allocate 709776 bytes for Chunk::new
# Possible reasons:
#   The system is out of physical RAM or swap space
#   The process is running with CompressedOops enabled, and the Java Heap may be blocking the growth of the native heap
# Possible solutions:
#   Reduce memory load on the system
#   Increase physical memory or swap space
#   Check if swap backing store is full
#   Decrease Java heap size (-Xmx/-Xms)
#   Decrease number of Java threads
#   Decrease Java thread stack sizes (-Xss)
#   Set larger code cache with -XX:ReservedCodeCacheSize=
#   JVM is running with Unscaled Compressed Oops mode in which the Java heap is
#     placed in the first 4GB address space. The Java Heap base address is the
#     maximum limit for the native heap growth. Please use -XX:HeapBaseMinAddress
#     to set the Java Heap base and to place the Java Heap above 4GB virtual address.
# This output file may be truncated or incomplete.
#
#  Out of Memory Error (arena.cpp:184), pid=17496, tid=12084
#
# JRE version: Java(TM) SE Runtime Environment (18.0+36) (build 18+36-2087)
# Java VM: Java HotSpot(TM) 64-Bit Server VM (18+36-2087, mixed mode, sharing, tiered, compressed oops, compressed class ptrs, g1 gc, windows-amd64)
# No core dump will be written. Minidumps are not enabled by default on client versions of Windows
#

---------------  S U M M A R Y ------------

Command Line: -XX:MaxMetaspaceSize=512m --add-opens=java.base/java.util=ALL-UNNAMED --add-opens=java.base/java.lang=ALL-UNNAMED --add-opens=java.base/java.lang.invoke=ALL-UNNAMED --add-opens=java.base/java.util=ALL-UNNAMED --add-opens=java.prefs/java.util.prefs=ALL-UNNAMED --add-opens=java.prefs/java.util.prefs=ALL-UNNAMED --add-opens=java.base/java.nio.charset=ALL-UNNAMED --add-opens=java.base/java.net=ALL-UNNAMED --add-opens=java.base/java.util.concurrent.atomic=ALL-UNNAMED -Xmx2048m -Dfile.encoding=UTF-8 -Duser.country=US -Duser.language=en -Duser.variant org.gradle.launcher.daemon.bootstrap.GradleDaemon 7.5.1

Host: 11th Gen Intel(R) Core(TM) i5-1135G7 @ 2.40GHz, 8 cores, 7G,  Windows 11 , 64 bit Build 22621 (10.0.22621.1635)
Time: Wed May 10 12:59:16 2023 SE Asia Standard Time elapsed time: 35.404147 seconds (0d 0h 0m 35s)

---------------  T H R E A D  ---------------

Current thread (0x0000023b398f7c20):  JavaThread "C2 CompilerThread0" daemon [_thread_in_native, id=12084, stack(0x000000fde1d00000,0x000000fde1e00000)]


Current CompileTask:
C2:  35404 11525 %     4       groovy.lang.MetaClassImpl::applyStrayPropertyMethods @ 57 (288 bytes)

Stack: [0x000000fde1d00000,0x000000fde1e00000]
Native frames: (J=compiled Java code, j=interpreted, Vv=VM code, C=native code)
V  [jvm.dll+0x69804a]
V  [jvm.dll+0x7f308d]
V  [jvm.dll+0x7f499e]
V  [jvm.dll+0x7f5053]
V  [jvm.dll+0x25ca3f]
V  [jvm.dll+0xb8c2f]
V  [jvm.dll+0xb8fa5]
V  [jvm.dll+0x385a31]
V  [jvm.dll+0x34f811]
V  [jvm.dll+0x34ecaa]
V  [jvm.dll+0x22fc21]
V  [jvm.dll+0x22eff1]
V  [jvm.dll+0x1b9cfc]
V  [jvm.dll+0x23e8ca]
V  [jvm.dll+0x23cbac]
V  [jvm.dll+0x7a5781]
V  [jvm.dll+0x79fbba]
V  [jvm.dll+0x696ef5]
C  [ucrtbase.dll+0x29363]
C  [KERNEL32.DLL+0x126ad]
C  [ntdll.dll+0x5a9f8]


---------------  P R O C E S S  ---------------

Threads class SMR info:
_java_thread_list=0x0000023b443a3de0, length=136, elements={
0x0000023b198ddff0, 0x0000023b398e0180, 0x0000023b398e0a30, 0x0000023b398f2e10,
0x0000023b398f56d0, 0x0000023b398f6790, 0x0000023b398f7040, 0x0000023b398f7c20,
0x0000023b398f8510, 0x0000023b398f8e00, 0x0000023b3e0f45d0, 0x0000023b3e0f6da0,
0x0000023b3f6d6290, 0x0000023b3fbefa00, 0x0000023b3f88f780, 0x0000023b3f491f00,
0x0000023b3fae0020, 0x0000023b3fbac140, 0x0000023b3f63c0f0, 0x0000023b3f63b280,
0x0000023b3f63d430, 0x0000023b3f63ca90, 0x0000023b3f63a410, 0x0000023b3f63ddd0,
0x0000023b3f63cf60, 0x0000023b3f63adb0, 0x0000023b3f63b750, 0x0000023b3f63c5c0,
0x0000023b40994680, 0x0000023b40991660, 0x0000023b409971d0, 0x0000023b409954f0,
0x0000023b40992e70, 0x0000023b40993340, 0x0000023b40990320, 0x0000023b409924d0,
0x0000023b409929a0, 0x0000023b409976a0, 0x0000023b40993ce0, 0x0000023b40990cc0,
0x0000023b40991190, 0x0000023b40996d00, 0x0000023b40996830, 0x0000023b409959c0,
0x0000023b4098fe50, 0x0000023b40996360, 0x0000023b3ed5f690, 0x0000023b3ed5de80,
0x0000023b3ed5d010, 0x0000023b3ed5ecf0, 0x0000023b3ed5e820, 0x0000023b3ed5d4e0,
0x0000023b3ed609d0, 0x0000023b3ed5fb60, 0x0000023b3ed60500, 0x0000023b3ed5d9b0,
0x0000023b3ed5f1c0, 0x0000023b3ed60030, 0x0000023b3ed5e350, 0x0000023b4170cf10,
0x0000023b41707d40, 0x0000023b41708210, 0x0000023b417086e0, 0x0000023b4170d8b0,
0x0000023b417073a0, 0x0000023b41708bb0, 0x0000023b41706530, 0x0000023b41706060,
0x0000023b4170d3e0, 0x0000023b41709a20, 0x0000023b41706a00, 0x0000023b41706ed0,
0x0000023b4170a3c0, 0x0000023b4170c0a0, 0x0000023b4170a890, 0x0000023b41707870,
0x0000023b4170ad60, 0x0000023b41709080, 0x0000023b41709550, 0x0000023b4170bbd0,
0x0000023b3f63d900, 0x0000023b4014f290, 0x0000023b40152780, 0x0000023b40154e00,
0x0000023b40156610, 0x0000023b40150100, 0x0000023b4014f760, 0x0000023b401505d0,
0x0000023b4014fc30, 0x0000023b401535f0, 0x0000023b4014edc0, 0x0000023b40150f70,
0x0000023b40153120, 0x0000023b40151440, 0x0000023b40151910, 0x0000023b40151de0,
0x0000023b40154930, 0x0000023b401522b0, 0x0000023b40152c50, 0x0000023b40153ac0,
0x0000023b40155c70, 0x0000023b40150aa0, 0x0000023b40153f90, 0x0000023b40154460,
0x0000023b401557a0, 0x0000023b401552d0, 0x0000023b40156140, 0x0000023b4311d870,
0x0000023b4311e210, 0x0000023b43121bd0, 0x0000023b4311e6e0, 0x0000023b4311dd40,
0x0000023b431233e0, 0x0000023b4311c530, 0x0000023b43122a40, 0x0000023b4311ca00,
0x0000023b431220a0, 0x0000023b4311d3a0, 0x0000023b4311f550, 0x0000023b4311ebb0,
0x0000023b431238b0, 0x0000023b43121230, 0x0000023b4311f080, 0x0000023b4311fef0,
0x0000023b431203c0, 0x0000023b4311c060, 0x0000023b43120890, 0x0000023b43120d60,
0x0000023b43121700, 0x0000023b43122570, 0x0000023b43a025a0, 0x0000023b439fd8a0,
0x0000023b43a04280, 0x0000023b439fdd70, 0x0000023b439fe240, 0x0000023b439fd3d0
}

Java Threads: ( => current thread )
  0x0000023b198ddff0 JavaThread "main" [_thread_blocked, id=2536, stack(0x000000fde1000000,0x000000fde1100000)]
  0x0000023b398e0180 JavaThread "Reference Handler" daemon [_thread_blocked, id=6720, stack(0x000000fde1700000,0x000000fde1800000)]
  0x0000023b398e0a30 JavaThread "Finalizer" daemon [_thread_blocked, id=12096, stack(0x000000fde1800000,0x000000fde1900000)]
  0x0000023b398f2e10 JavaThread "Signal Dispatcher" daemon [_thread_blocked, id=7528, stack(0x000000fde1900000,0x000000fde1a00000)]
  0x0000023b398f56d0 JavaThread "Attach Listener" daemon [_thread_blocked, id=1728, stack(0x000000fde1a00000,0x000000fde1b00000)]
  0x0000023b398f6790 JavaThread "Service Thread" daemon [_thread_blocked, id=6872, stack(0x000000fde1b00000,0x000000fde1c00000)]
  0x0000023b398f7040 JavaThread "Monitor Deflation Thread" daemon [_thread_blocked, id=9800, stack(0x000000fde1c00000,0x000000fde1d00000)]
=>0x0000023b398f7c20 JavaThread "C2 CompilerThread0" daemon [_thread_in_native, id=12084, stack(0x000000fde1d00000,0x000000fde1e00000)]
  0x0000023b398f8510 JavaThread "C1 CompilerThread0" daemon [_thread_blocked, id=7500, stack(0x000000fde1e00000,0x000000fde1f00000)]
  0x0000023b398f8e00 JavaThread "Sweeper thread" daemon [_thread_blocked, id=17480, stack(0x000000fde1f00000,0x000000fde2000000)]
  0x0000023b3e0f45d0 JavaThread "Common-Cleaner" daemon [_thread_blocked, id=17472, stack(0x000000fde2000000,0x000000fde2100000)]
  0x0000023b3e0f6da0 JavaThread "Notification Thread" daemon [_thread_blocked, id=17464, stack(0x000000fde2100000,0x000000fde2200000)]
  0x0000023b3f6d6290 JavaThread "Daemon health stats" [_thread_blocked, id=17420, stack(0x000000fde2800000,0x000000fde2900000)]
  0x0000023b3fbefa00 JavaThread "Incoming local TCP Connector on port 50229" [_thread_in_native, id=17416, stack(0x000000fde2900000,0x000000fde2a00000)]
  0x0000023b3f88f780 JavaThread "Daemon periodic checks" [_thread_blocked, id=2364, stack(0x000000fde2a00000,0x000000fde2b00000)]
  0x0000023b3f491f00 JavaThread "Daemon" [_thread_blocked, id=1648, stack(0x000000fde2b00000,0x000000fde2c00000)]
  0x0000023b3fae0020 JavaThread "Handler for socket connection from /127.0.0.1:50229 to /127.0.0.1:50230" [_thread_in_native, id=2004, stack(0x000000fde2c00000,0x000000fde2d00000)]
  0x0000023b3fbac140 JavaThread "Cancel handler" [_thread_blocked, id=16612, stack(0x000000fde2d00000,0x000000fde2e00000)]
  0x0000023b3f63c0f0 JavaThread "Daemon worker" [_thread_in_Java, id=17428, stack(0x000000fde2e00000,0x000000fde2f00000)]
  0x0000023b3f63b280 JavaThread "Asynchronous log dispatcher for DefaultDaemonConnection: socket connection from /127.0.0.1:50229 to /127.0.0.1:50230" [_thread_blocked, id=17452, stack(0x000000fde2f00000,0x000000fde3000000)]
  0x0000023b3f63d430 JavaThread "Stdin handler" [_thread_blocked, id=9356, stack(0x000000fde3000000,0x000000fde3100000)]
  0x0000023b3f63ca90 JavaThread "Daemon client event forwarder" [_thread_blocked, id=16776, stack(0x000000fde3100000,0x000000fde3200000)]
  0x0000023b3f63a410 JavaThread "Cache worker for journal cache (C:\Users\USER\.gradle\caches\journal-1)" [_thread_blocked, id=7868, stack(0x000000fde3200000,0x000000fde3300000)]
  0x0000023b3f63ddd0 JavaThread "File lock request listener" [_thread_in_native, id=10392, stack(0x000000fde3300000,0x000000fde3400000)]
  0x0000023b3f63cf60 JavaThread "Cache worker for file hash cache (C:\Users\USER\.gradle\caches\7.5.1\fileHashes)" [_thread_blocked, id=17636, stack(0x000000fde3400000,0x000000fde3500000)]
  0x0000023b3f63adb0 JavaThread "File watcher server" daemon [_thread_in_native, id=17600, stack(0x000000fde3900000,0x000000fde3a00000)]
  0x0000023b3f63b750 JavaThread "File watcher consumer" daemon [_thread_blocked, id=17616, stack(0x000000fde3a00000,0x000000fde3b00000)]
  0x0000023b3f63c5c0 JavaThread "Cache worker for checksums cache (C:\Users\USER\Documents\GitHub\Homestayreact\android\.gradle\7.5.1\checksums)" [_thread_blocked, id=17592, stack(0x000000fde3b00000,0x000000fde3c00000)]
  0x0000023b40994680 JavaThread "Cache worker for cache directory md-rule (C:\Users\USER\.gradle\caches\7.5.1\md-rule)" [_thread_blocked, id=8148, stack(0x000000fde3c00000,0x000000fde3d00000)]
  0x0000023b40991660 JavaThread "Cache worker for file content cache (C:\Users\USER\.gradle\caches\7.5.1\fileContent)" [_thread_blocked, id=12704, stack(0x000000fde3d00000,0x000000fde3e00000)]
  0x0000023b409971d0 JavaThread "Cache worker for file hash cache (C:\Users\USER\Documents\GitHub\Homestayreact\android\.gradle\7.5.1\fileHashes)" [_thread_blocked, id=17800, stack(0x000000fde3f00000,0x000000fde4000000)]
  0x0000023b409954f0 JavaThread "Cache worker for cache directory md-supplier (C:\Users\USER\.gradle\caches\7.5.1\md-supplier)" [_thread_blocked, id=17796, stack(0x000000fde4000000,0x000000fde4100000)]
  0x0000023b40992e70 JavaThread "Cache worker for execution history cache (C:\Users\USER\.gradle\caches\7.5.1\executionHistory)" [_thread_blocked, id=17792, stack(0x000000fde4100000,0x000000fde4200000)]
  0x0000023b40993340 JavaThread "jar transforms" [_thread_blocked, id=17848, stack(0x000000fde4200000,0x000000fde4300000)]
  0x0000023b40990320 JavaThread "jar transforms Thread 2" [_thread_blocked, id=17868, stack(0x000000fde4300000,0x000000fde4400000)]
  0x0000023b409924d0 JavaThread "jar transforms Thread 3" [_thread_blocked, id=17864, stack(0x000000fde4400000,0x000000fde4500000)]
  0x0000023b409929a0 JavaThread "jar transforms Thread 4" [_thread_blocked, id=17860, stack(0x000000fde4500000,0x000000fde4600000)]
  0x0000023b409976a0 JavaThread "Cache worker for kotlin-dsl (C:\Users\USER\.gradle\caches\7.5.1\kotlin-dsl)" [_thread_blocked, id=4268, stack(0x000000fde3800000,0x000000fde3900000)]
  0x0000023b40993ce0 JavaThread "jar transforms Thread 5" [_thread_blocked, id=2592, stack(0x000000fde4600000,0x000000fde4700000)]
  0x0000023b40990cc0 JavaThread "jar transforms Thread 6" [_thread_blocked, id=7848, stack(0x000000fde4700000,0x000000fde4800000)]
  0x0000023b40991190 JavaThread "Cache worker for dependencies-accessors (C:\Users\USER\Documents\GitHub\Homestayreact\android\.gradle\7.5.1\dependencies-accessors)" [_thread_blocked, id=16972, stack(0x000000fde4800000,0x000000fde4900000)]
  0x0000023b40996d00 JavaThread "Cache worker for Build Output Cleanup Cache (C:\Users\USER\Documents\GitHub\Homestayreact\node_modules\react-native-gradle-plugin\.gradle\buildOutputCleanup)" [_thread_blocked, id=14748, stack(0x000000fde4900000,0x000000fde4a00000)]
  0x0000023b40996830 JavaThread "jar transforms Thread 7" [_thread_blocked, id=10948, stack(0x000000fde4a00000,0x000000fde4b00000)]
  0x0000023b409959c0 JavaThread "Unconstrained build operations" [_thread_blocked, id=14640, stack(0x000000fde4b00000,0x000000fde4c00000)]
  0x0000023b4098fe50 JavaThread "Unconstrained build operations Thread 2" [_thread_blocked, id=7116, stack(0x000000fde4c00000,0x000000fde4d00000)]
  0x0000023b40996360 JavaThread "Unconstrained build operations Thread 3" [_thread_blocked, id=2024, stack(0x000000fde4d00000,0x000000fde4e00000)]
  0x0000023b3ed5f690 JavaThread "Unconstrained build operations Thread 4" [_thread_blocked, id=16744, stack(0x000000fde4e00000,0x000000fde4f00000)]
  0x0000023b3ed5de80 JavaThread "Unconstrained build operations Thread 5" [_thread_blocked, id=17816, stack(0x000000fde4f00000,0x000000fde5000000)]
  0x0000023b3ed5d010 JavaThread "Unconstrained build operations Thread 6" [_thread_blocked, id=9668, stack(0x000000fde5000000,0x000000fde5100000)]
  0x0000023b3ed5ecf0 JavaThread "Unconstrained build operations Thread 7" [_thread_blocked, id=1524, stack(0x000000fde5100000,0x000000fde5200000)]
  0x0000023b3ed5e820 JavaThread "Unconstrained build operations Thread 8" [_thread_blocked, id=1640, stack(0x000000fde5200000,0x000000fde5300000)]
  0x0000023b3ed5d4e0 JavaThread "Unconstrained build operations Thread 9" [_thread_blocked, id=12064, stack(0x000000fde5300000,0x000000fde5400000)]
  0x0000023b3ed609d0 JavaThread "Unconstrained build operations Thread 10" [_thread_blocked, id=17836, stack(0x000000fde5400000,0x000000fde5500000)]
  0x0000023b3ed5fb60 JavaThread "Unconstrained build operations Thread 11" [_thread_blocked, id=5532, stack(0x000000fde5500000,0x000000fde5600000)]
  0x0000023b3ed60500 JavaThread "Unconstrained build operations Thread 12" [_thread_blocked, id=18064, stack(0x000000fde5600000,0x000000fde5700000)]
  0x0000023b3ed5d9b0 JavaThread "Unconstrained build operations Thread 13" [_thread_blocked, id=17960, stack(0x000000fde5700000,0x000000fde5800000)]
  0x0000023b3ed5f1c0 JavaThread "Unconstrained build operations Thread 14" [_thread_blocked, id=17652, stack(0x000000fde5800000,0x000000fde5900000)]
  0x0000023b3ed60030 JavaThread "Unconstrained build operations Thread 15" [_thread_blocked, id=15772, stack(0x000000fde5900000,0x000000fde5a00000)]
  0x0000023b3ed5e350 JavaThread "Unconstrained build operations Thread 16" [_thread_blocked, id=16884, stack(0x000000fde5a00000,0x000000fde5b00000)]
  0x0000023b4170cf10 JavaThread "Unconstrained build operations Thread 17" [_thread_blocked, id=18132, stack(0x000000fde5b00000,0x000000fde5c00000)]
  0x0000023b41707d40 JavaThread "Unconstrained build operations Thread 18" [_thread_blocked, id=9840, stack(0x000000fde5c00000,0x000000fde5d00000)]
  0x0000023b41708210 JavaThread "Unconstrained build operations Thread 19" [_thread_blocked, id=18128, stack(0x000000fde5d00000,0x000000fde5e00000)]
  0x0000023b417086e0 JavaThread "Unconstrained build operations Thread 20" [_thread_blocked, id=17744, stack(0x000000fde5e00000,0x000000fde5f00000)]
  0x0000023b4170d8b0 JavaThread "Unconstrained build operations Thread 21" [_thread_blocked, id=17748, stack(0x000000fde5f00000,0x000000fde6000000)]
  0x0000023b417073a0 JavaThread "Unconstrained build operations Thread 22" [_thread_blocked, id=18140, stack(0x000000fde6000000,0x000000fde6100000)]
  0x0000023b41708bb0 JavaThread "Unconstrained build operations Thread 23" [_thread_blocked, id=1964, stack(0x000000fde6100000,0x000000fde6200000)]
  0x0000023b41706530 JavaThread "Unconstrained build operations Thread 24" [_thread_blocked, id=17552, stack(0x000000fde6200000,0x000000fde6300000)]
  0x0000023b41706060 JavaThread "Unconstrained build operations Thread 25" [_thread_blocked, id=18284, stack(0x000000fde6300000,0x000000fde6400000)]
  0x0000023b4170d3e0 JavaThread "Unconstrained build operations Thread 26" [_thread_blocked, id=18144, stack(0x000000fde6400000,0x000000fde6500000)]
  0x0000023b41709a20 JavaThread "Unconstrained build operations Thread 27" [_thread_blocked, id=18232, stack(0x000000fde6500000,0x000000fde6600000)]
  0x0000023b41706a00 JavaThread "Unconstrained build operations Thread 28" [_thread_blocked, id=18180, stack(0x000000fde6600000,0x000000fde6700000)]
  0x0000023b41706ed0 JavaThread "Unconstrained build operations Thread 29" [_thread_blocked, id=18200, stack(0x000000fde6700000,0x000000fde6800000)]
  0x0000023b4170a3c0 JavaThread "Unconstrained build operations Thread 30" [_thread_blocked, id=18236, stack(0x000000fde6800000,0x000000fde6900000)]
  0x0000023b4170c0a0 JavaThread "Unconstrained build operations Thread 31" [_thread_blocked, id=14148, stack(0x000000fde6900000,0x000000fde6a00000)]
  0x0000023b4170a890 JavaThread "Unconstrained build operations Thread 32" [_thread_blocked, id=12696, stack(0x000000fde6a00000,0x000000fde6b00000)]
  0x0000023b41707870 JavaThread "Unconstrained build operations Thread 33" [_thread_blocked, id=4848, stack(0x000000fde6b00000,0x000000fde6c00000)]
  0x0000023b4170ad60 JavaThread "jar transforms Thread 8" [_thread_blocked, id=9876, stack(0x000000fde6c00000,0x000000fde6d00000)]
  0x0000023b41709080 JavaThread "build event listener" [_thread_blocked, id=17248, stack(0x000000fde6d00000,0x000000fde6e00000)]
  0x0000023b41709550 JavaThread "Memory manager" [_thread_blocked, id=1112, stack(0x000000fde6e00000,0x000000fde6f00000)]
  0x0000023b4170bbd0 JavaThread "Cache worker for Build Output Cleanup Cache (C:\Users\USER\Documents\GitHub\Homestayreact\android\.gradle\buildOutputCleanup)" [_thread_blocked, id=13584, stack(0x000000fde2300000,0x000000fde2400000)]
  0x0000023b3f63d900 JavaThread "included builds" [_thread_blocked, id=18264, stack(0x000000fde7000000,0x000000fde7100000)]
  0x0000023b4014f290 JavaThread "Execution worker" [_thread_blocked, id=12824, stack(0x000000fde7100000,0x000000fde7200000)]
  0x0000023b40152780 JavaThread "Execution worker Thread 2" [_thread_blocked, id=6596, stack(0x000000fde7200000,0x000000fde7300000)]
  0x0000023b40154e00 JavaThread "Execution worker Thread 3" [_thread_blocked, id=13920, stack(0x000000fde7300000,0x000000fde7400000)]
  0x0000023b40156610 JavaThread "Execution worker Thread 4" [_thread_blocked, id=18184, stack(0x000000fde7400000,0x000000fde7500000)]
  0x0000023b40150100 JavaThread "Execution worker Thread 5" [_thread_blocked, id=9720, stack(0x000000fde7500000,0x000000fde7600000)]
  0x0000023b4014f760 JavaThread "Execution worker Thread 6" [_thread_blocked, id=6568, stack(0x000000fde7600000,0x000000fde7700000)]
  0x0000023b401505d0 JavaThread "Execution worker Thread 7" [_thread_blocked, id=17936, stack(0x000000fde7700000,0x000000fde7800000)]
  0x0000023b4014fc30 JavaThread "Cache worker for execution history cache (C:\Users\USER\Documents\GitHub\Homestayreact\node_modules\react-native-gradle-plugin\.gradle\7.5.1\executionHistory)" [_thread_blocked, id=18068, stack(0x000000fde7800000,0x000000fde7900000)]
  0x0000023b401535f0 JavaThread "Unconstrained build operations Thread 34" [_thread_blocked, id=6788, stack(0x000000fde7900000,0x000000fde7a00000)]
  0x0000023b4014edc0 JavaThread "Unconstrained build operations Thread 35" [_thread_blocked, id=2584, stack(0x000000fde7a00000,0x000000fde7b00000)]
  0x0000023b40150f70 JavaThread "Unconstrained build operations Thread 36" [_thread_blocked, id=3936, stack(0x000000fde7b00000,0x000000fde7c00000)]
  0x0000023b40153120 JavaThread "Unconstrained build operations Thread 37" [_thread_blocked, id=8656, stack(0x000000fde7c00000,0x000000fde7d00000)]
  0x0000023b40151440 JavaThread "Unconstrained build operations Thread 38" [_thread_blocked, id=1668, stack(0x000000fde7d00000,0x000000fde7e00000)]
  0x0000023b40151910 JavaThread "Unconstrained build operations Thread 39" [_thread_blocked, id=12300, stack(0x000000fde7e00000,0x000000fde7f00000)]
  0x0000023b40151de0 JavaThread "Unconstrained build operations Thread 40" [_thread_blocked, id=3604, stack(0x000000fde7f00000,0x000000fde8000000)]
  0x0000023b40154930 JavaThread "Unconstrained build operations Thread 41" [_thread_blocked, id=17436, stack(0x000000fde8000000,0x000000fde8100000)]
  0x0000023b401522b0 JavaThread "Unconstrained build operations Thread 42" [_thread_blocked, id=2036, stack(0x000000fde8100000,0x000000fde8200000)]
  0x0000023b40152c50 JavaThread "Unconstrained build operations Thread 43" [_thread_blocked, id=1444, stack(0x000000fde8200000,0x000000fde8300000)]
  0x0000023b40153ac0 JavaThread "Unconstrained build operations Thread 44" [_thread_blocked, id=18224, stack(0x000000fde8300000,0x000000fde8400000)]
  0x0000023b40155c70 JavaThread "Unconstrained build operations Thread 45" [_thread_blocked, id=18040, stack(0x000000fde8400000,0x000000fde8500000)]
  0x0000023b40150aa0 JavaThread "Unconstrained build operations Thread 46" [_thread_blocked, id=17736, stack(0x000000fde8500000,0x000000fde8600000)]
  0x0000023b40153f90 JavaThread "Unconstrained build operations Thread 47" [_thread_blocked, id=11336, stack(0x000000fde8600000,0x000000fde8700000)]
  0x0000023b40154460 JavaThread "Unconstrained build operations Thread 48" [_thread_blocked, id=1732, stack(0x000000fde8700000,0x000000fde8800000)]
  0x0000023b401557a0 JavaThread "Unconstrained build operations Thread 49" [_thread_blocked, id=5212, stack(0x000000fde8800000,0x000000fde8900000)]
  0x0000023b401552d0 JavaThread "Unconstrained build operations Thread 50" [_thread_blocked, id=14432, stack(0x000000fde8900000,0x000000fde8a00000)]
  0x0000023b40156140 JavaThread "Unconstrained build operations Thread 51" [_thread_blocked, id=3044, stack(0x000000fde8a00000,0x000000fde8b00000)]
  0x0000023b4311d870 JavaThread "Unconstrained build operations Thread 52" [_thread_blocked, id=16820, stack(0x000000fde8b00000,0x000000fde8c00000)]
  0x0000023b4311e210 JavaThread "Unconstrained build operations Thread 53" [_thread_blocked, id=13084, stack(0x000000fde8c00000,0x000000fde8d00000)]
  0x0000023b43121bd0 JavaThread "Unconstrained build operations Thread 54" [_thread_blocked, id=13620, stack(0x000000fde8d00000,0x000000fde8e00000)]
  0x0000023b4311e6e0 JavaThread "Unconstrained build operations Thread 55" [_thread_blocked, id=18016, stack(0x000000fde8f00000,0x000000fde9000000)]
  0x0000023b4311dd40 JavaThread "Unconstrained build operations Thread 56" [_thread_blocked, id=3144, stack(0x000000fde9000000,0x000000fde9100000)]
  0x0000023b431233e0 JavaThread "Unconstrained build operations Thread 57" [_thread_blocked, id=11856, stack(0x000000fde9100000,0x000000fde9200000)]
  0x0000023b4311c530 JavaThread "Unconstrained build operations Thread 58" [_thread_blocked, id=3628, stack(0x000000fde9200000,0x000000fde9300000)]
  0x0000023b43122a40 JavaThread "Unconstrained build operations Thread 59" [_thread_blocked, id=11504, stack(0x000000fde9300000,0x000000fde9400000)]
  0x0000023b4311ca00 JavaThread "Unconstrained build operations Thread 60" [_thread_blocked, id=5320, stack(0x000000fde9400000,0x000000fde9500000)]
  0x0000023b431220a0 JavaThread "Unconstrained build operations Thread 61" [_thread_blocked, id=6004, stack(0x000000fde9500000,0x000000fde9600000)]
  0x0000023b4311d3a0 JavaThread "Unconstrained build operations Thread 62" [_thread_blocked, id=8692, stack(0x000000fde9600000,0x000000fde9700000)]
  0x0000023b4311f550 JavaThread "Unconstrained build operations Thread 63" [_thread_blocked, id=18212, stack(0x000000fde9700000,0x000000fde9800000)]
  0x0000023b4311ebb0 JavaThread "Unconstrained build operations Thread 64" [_thread_blocked, id=3252, stack(0x000000fde9800000,0x000000fde9900000)]
  0x0000023b431238b0 JavaThread "Unconstrained build operations Thread 65" [_thread_blocked, id=16868, stack(0x000000fde9900000,0x000000fde9a00000)]
  0x0000023b43121230 JavaThread "Unconstrained build operations Thread 66" [_thread_blocked, id=6564, stack(0x000000fde9a00000,0x000000fde9b00000)]
  0x0000023b4311f080 JavaThread "Unconstrained build operations Thread 67" [_thread_blocked, id=6868, stack(0x000000fde9b00000,0x000000fde9c00000)]
  0x0000023b4311fef0 JavaThread "Unconstrained build operations Thread 68" [_thread_blocked, id=17784, stack(0x000000fde9c00000,0x000000fde9d00000)]
  0x0000023b431203c0 JavaThread "Unconstrained build operations Thread 69" [_thread_blocked, id=18280, stack(0x000000fde9d00000,0x000000fde9e00000)]
  0x0000023b4311c060 JavaThread "Unconstrained build operations Thread 70" [_thread_blocked, id=14796, stack(0x000000fde9e00000,0x000000fde9f00000)]
  0x0000023b43120890 JavaThread "Unconstrained build operations Thread 71" [_thread_blocked, id=11348, stack(0x000000fde9f00000,0x000000fdea000000)]
  0x0000023b43120d60 JavaThread "Unconstrained build operations Thread 72" [_thread_blocked, id=18244, stack(0x000000fdea000000,0x000000fdea100000)]
  0x0000023b43121700 JavaThread "Unconstrained build operations Thread 73" [_thread_blocked, id=10436, stack(0x000000fdea100000,0x000000fdea200000)]
  0x0000023b43122570 JavaThread "Unconstrained build operations Thread 74" [_thread_blocked, id=2996, stack(0x000000fdea200000,0x000000fdea300000)]
  0x0000023b43a025a0 JavaThread "Unconstrained build operations Thread 75" [_thread_blocked, id=1448, stack(0x000000fdea300000,0x000000fdea400000)]
  0x0000023b439fd8a0 JavaThread "Unconstrained build operations Thread 76" [_thread_blocked, id=11392, stack(0x000000fdea400000,0x000000fdea500000)]
  0x0000023b43a04280 JavaThread "Unconstrained build operations Thread 77" [_thread_blocked, id=2336, stack(0x000000fdea500000,0x000000fdea600000)]
  0x0000023b439fdd70 JavaThread "Unconstrained build operations Thread 78" [_thread_blocked, id=17988, stack(0x000000fdea600000,0x000000fdea700000)]
  0x0000023b439fe240 JavaThread "Unconstrained build operations Thread 79" [_thread_blocked, id=17888, stack(0x000000fdea700000,0x000000fdea800000)]
  0x0000023b439fd3d0 JavaThread "Unconstrained build operations Thread 80" [_thread_blocked, id=9284, stack(0x000000fdea800000,0x000000fdea900000)]

Other Threads:
  0x0000023b398d7010 VMThread "VM Thread" [stack: 0x000000fde1600000,0x000000fde1700000] [id=2872]
  0x0000023b3e0f8090 WatcherThread "VM Periodic Task Thread" [stack: 0x000000fde2200000,0x000000fde2300000] [id=17460]
  0x0000023b1bb1e9a0 WorkerThread "GC Thread#0" [stack: 0x000000fde1100000,0x000000fde1200000] [id=9272]
  0x0000023b3ea0edd0 WorkerThread "GC Thread#1" [stack: 0x000000fde2400000,0x000000fde2500000] [id=17532]
  0x0000023b3ea0e5f0 WorkerThread "GC Thread#2" [stack: 0x000000fde2500000,0x000000fde2600000] [id=17520]
  0x0000023b3ea0eb30 WorkerThread "GC Thread#3" [stack: 0x000000fde2600000,0x000000fde2700000] [id=17508]
  0x0000023b3ea0e0b0 WorkerThread "GC Thread#4" [stack: 0x000000fde2700000,0x000000fde2800000] [id=17456]
  0x0000023b3ea0de10 WorkerThread "GC Thread#5" [stack: 0x000000fde3500000,0x000000fde3600000] [id=17632]
  0x0000023b3ea0e350 WorkerThread "GC Thread#6" [stack: 0x000000fde3600000,0x000000fde3700000] [id=17628]
  0x0000023b40502fa0 WorkerThread "GC Thread#7" [stack: 0x000000fde3700000,0x000000fde3800000] [id=17620]
  0x0000023b1bb2f680 ConcurrentGCThread "G1 Main Marker" [stack: 0x000000fde1200000,0x000000fde1300000] [id=2960]
  0x0000023b1bb305c0 WorkerThread "G1 Conc#0" [stack: 0x000000fde1300000,0x000000fde1400000] [id=3188]
  0x0000023b404ff340 WorkerThread "G1 Conc#1" [stack: 0x000000fde3e00000,0x000000fde3f00000] [id=9156]
  0x0000023b1bb6b760 ConcurrentGCThread "G1 Refine#0" [stack: 0x000000fde1400000,0x000000fde1500000] [id=5108]
  0x0000023b4131cc80 ConcurrentGCThread "G1 Refine#1" [stack: 0x000000fde8e00000,0x000000fde8f00000] [id=12532]
  0x0000023b1bb6be20 ConcurrentGCThread "G1 Service" [stack: 0x000000fde1500000,0x000000fde1600000] [id=1360]

Threads with active compile tasks:
C2 CompilerThread0    35447 11525 %     4       groovy.lang.MetaClassImpl::applyStrayPropertyMethods @ 57 (288 bytes)

VM state: not at safepoint (normal execution)

VM Mutex/Monitor currently owned by a thread: None

Heap address: 0x0000000080000000, size: 2048 MB, Compressed Oops mode: 32-bit

CDS archive(s) mapped at: [0x0000000800000000-0x0000000800ba0000-0x0000000800ba0000), size 12189696, SharedBaseAddress: 0x0000000800000000, ArchiveRelocationMode: 0.
Compressed class space mapped at: 0x0000000800c00000-0x000000081a800000, reserved size: 432013312
Narrow klass base: 0x0000000800000000, Narrow klass shift: 0, Narrow klass range: 0x100000000

GC Precious Log:
 CardTable entry size: 512
 Card Set container configuration: InlinePtr #cards 5 size 8 Array Of Cards #cards 12 size 40 Howl #buckets 4 coarsen threshold 1843 Howl Bitmap #cards 512 size 80 coarsen threshold 460 Card regions per heap region 1 cards per card region 2048
 CPUs: 8 total, 8 available
 Memory: 7893M
 Large Page Support: Disabled
 NUMA Support: Disabled
 Compressed Oops: Enabled (32-bit)
 Heap Region Size: 1M
 Heap Min Capacity: 8M
 Heap Initial Capacity: 124M
 Heap Max Capacity: 2G
 Pre-touch: Disabled
 Parallel Workers: 8
 Concurrent Workers: 2
 Concurrent Refinement Workers: 8
 Periodic GC: Disabled

Heap:
 garbage-first heap   total 188416K, used 133981K [0x0000000080000000, 0x0000000100000000)
  region size 1024K, 34 young (34816K), 8 survivors (8192K)
 Metaspace       used 83682K, committed 85760K, reserved 552960K
  class space    used 11675K, committed 12672K, reserved 421888K

Heap Regions: E=young(eden), S=young(survivor), O=old, HS=humongous(starts), HC=humongous(continues), CS=collection set, F=free, OA=open archive, CA=closed archive, TAMS=top-at-mark-start (previous, next)
|   0|0x0000000080000000, 0x0000000080100000, 0x0000000080100000|100%| O|  |TAMS 0x0000000080100000, 0x0000000080000000| Untracked 
|   1|0x0000000080100000, 0x0000000080200000, 0x0000000080200000|100%| O|  |TAMS 0x0000000080200000, 0x0000000080100000| Untracked 
|   2|0x0000000080200000, 0x0000000080300000, 0x0000000080300000|100%| O|  |TAMS 0x0000000080300000, 0x0000000080200000| Untracked 
|   3|0x0000000080300000, 0x0000000080400000, 0x0000000080400000|100%|HS|  |TAMS 0x0000000080400000, 0x0000000080300000| Complete 
|   4|0x0000000080400000, 0x0000000080500000, 0x0000000080500000|100%|HC|  |TAMS 0x0000000080500000, 0x0000000080400000| Complete 
|   5|0x0000000080500000, 0x0000000080600000, 0x0000000080600000|100%|HC|  |TAMS 0x0000000080600000, 0x0000000080500000| Complete 
|   6|0x0000000080600000, 0x0000000080700000, 0x0000000080700000|100%| O|  |TAMS 0x0000000080700000, 0x0000000080600000| Untracked 
|   7|0x0000000080700000, 0x0000000080800000, 0x0000000080800000|100%| O|  |TAMS 0x0000000080800000, 0x0000000080700000| Untracked 
|   8|0x0000000080800000, 0x0000000080900000, 0x0000000080900000|100%| O|  |TAMS 0x0000000080900000, 0x0000000080800000| Untracked 
|   9|0x0000000080900000, 0x0000000080a00000, 0x0000000080a00000|100%| O|  |TAMS 0x0000000080a00000, 0x0000000080900000| Untracked 
|  10|0x0000000080a00000, 0x0000000080b00000, 0x0000000080b00000|100%| O|  |TAMS 0x0000000080b00000, 0x0000000080a00000| Untracked 
|  11|0x0000000080b00000, 0x0000000080c00000, 0x0000000080c00000|100%| O|  |TAMS 0x0000000080c00000, 0x0000000080b00000| Untracked 
|  12|0x0000000080c00000, 0x0000000080d00000, 0x0000000080d00000|100%| O|  |TAMS 0x0000000080d00000, 0x0000000080c00000| Untracked 
|  13|0x0000000080d00000, 0x0000000080e00000, 0x0000000080e00000|100%| O|  |TAMS 0x0000000080e00000, 0x0000000080d00000| Untracked 
|  14|0x0000000080e00000, 0x0000000080f00000, 0x0000000080f00000|100%| O|  |TAMS 0x0000000080f00000, 0x0000000080e00000| Untracked 
|  15|0x0000000080f00000, 0x0000000081000000, 0x0000000081000000|100%| O|  |TAMS 0x0000000081000000, 0x0000000080f00000| Untracked 
|  16|0x0000000081000000, 0x0000000081100000, 0x0000000081100000|100%| O|  |TAMS 0x0000000081100000, 0x0000000081000000| Untracked 
|  17|0x0000000081100000, 0x0000000081200000, 0x0000000081200000|100%| O|  |TAMS 0x0000000081200000, 0x0000000081100000| Untracked 
|  18|0x0000000081200000, 0x0000000081300000, 0x0000000081300000|100%| O|  |TAMS 0x0000000081300000, 0x0000000081200000| Untracked 
|  19|0x0000000081300000, 0x0000000081400000, 0x0000000081400000|100%| O|  |TAMS 0x0000000081400000, 0x0000000081300000| Untracked 
|  20|0x0000000081400000, 0x0000000081500000, 0x0000000081500000|100%| O|  |TAMS 0x0000000081500000, 0x0000000081400000| Untracked 
|  21|0x0000000081500000, 0x0000000081600000, 0x0000000081600000|100%|HS|  |TAMS 0x0000000081500000, 0x0000000081500000| Complete 
|  22|0x0000000081600000, 0x0000000081700000, 0x0000000081700000|100%| O|  |TAMS 0x0000000081700000, 0x0000000081600000| Untracked 
|  23|0x0000000081700000, 0x0000000081800000, 0x0000000081800000|100%| O|  |TAMS 0x0000000081800000, 0x0000000081700000| Untracked 
|  24|0x0000000081800000, 0x0000000081900000, 0x0000000081900000|100%| O|  |TAMS 0x0000000081900000, 0x0000000081800000| Untracked 
|  25|0x0000000081900000, 0x0000000081a00000, 0x0000000081a00000|100%| O|  |TAMS 0x0000000081a00000, 0x0000000081900000| Untracked 
|  26|0x0000000081a00000, 0x0000000081b00000, 0x0000000081b00000|100%| O|  |TAMS 0x0000000081b00000, 0x0000000081a00000| Untracked 
|  27|0x0000000081b00000, 0x0000000081c00000, 0x0000000081c00000|100%| O|  |TAMS 0x0000000081c00000, 0x0000000081b00000| Untracked 
|  28|0x0000000081c00000, 0x0000000081d00000, 0x0000000081d00000|100%| O|  |TAMS 0x0000000081d00000, 0x0000000081c00000| Untracked 
|  29|0x0000000081d00000, 0x0000000081e00000, 0x0000000081e00000|100%| O|  |TAMS 0x0000000081e00000, 0x0000000081d00000| Untracked 
|  30|0x0000000081e00000, 0x0000000081f00000, 0x0000000081f00000|100%| O|  |TAMS 0x0000000081f00000, 0x0000000081e00000| Untracked 
|  31|0x0000000081f00000, 0x0000000082000000, 0x0000000082000000|100%| O|  |TAMS 0x0000000081f00000, 0x0000000081f00000| Untracked 
|  32|0x0000000082000000, 0x0000000082100000, 0x0000000082100000|100%| O|  |TAMS 0x0000000082100000, 0x0000000082000000| Untracked 
|  33|0x0000000082100000, 0x0000000082200000, 0x0000000082200000|100%| O|  |TAMS 0x0000000082200000, 0x0000000082100000| Untracked 
|  34|0x0000000082200000, 0x0000000082300000, 0x0000000082300000|100%| O|  |TAMS 0x0000000082300000, 0x0000000082200000| Untracked 
|  35|0x0000000082300000, 0x0000000082400000, 0x0000000082400000|100%|HS|  |TAMS 0x0000000082400000, 0x0000000082300000| Complete 
|  36|0x0000000082400000, 0x0000000082500000, 0x0000000082500000|100%|HS|  |TAMS 0x0000000082500000, 0x0000000082400000| Complete 
|  37|0x0000000082500000, 0x0000000082600000, 0x0000000082600000|100%|HC|  |TAMS 0x0000000082600000, 0x0000000082500000| Complete 
|  38|0x0000000082600000, 0x0000000082700000, 0x0000000082700000|100%|HC|  |TAMS 0x0000000082700000, 0x0000000082600000| Complete 
|  39|0x0000000082700000, 0x0000000082800000, 0x0000000082800000|100%| O|  |TAMS 0x0000000082800000, 0x0000000082700000| Untracked 
|  40|0x0000000082800000, 0x0000000082900000, 0x0000000082900000|100%| O|  |TAMS 0x0000000082900000, 0x0000000082800000| Untracked 
|  41|0x0000000082900000, 0x0000000082a00000, 0x0000000082a00000|100%| O|  |TAMS 0x0000000082a00000, 0x0000000082900000| Untracked 
|  42|0x0000000082a00000, 0x0000000082b00000, 0x0000000082b00000|100%| O|  |TAMS 0x0000000082b00000, 0x0000000082a00000| Untracked 
|  43|0x0000000082b00000, 0x0000000082c00000, 0x0000000082c00000|100%| O|  |TAMS 0x0000000082c00000, 0x0000000082b00000| Untracked 
|  44|0x0000000082c00000, 0x0000000082d00000, 0x0000000082d00000|100%| O|  |TAMS 0x0000000082d00000, 0x0000000082c00000| Untracked 
|  45|0x0000000082d00000, 0x0000000082e00000, 0x0000000082e00000|100%| O|  |TAMS 0x0000000082e00000, 0x0000000082d00000| Untracked 
|  46|0x0000000082e00000, 0x0000000082f00000, 0x0000000082f00000|100%| O|  |TAMS 0x0000000082f00000, 0x0000000082e00000| Untracked 
|  47|0x0000000082f00000, 0x0000000083000000, 0x0000000083000000|100%| O|  |TAMS 0x0000000083000000, 0x0000000082f00000| Untracked 
|  48|0x0000000083000000, 0x0000000083100000, 0x0000000083100000|100%| O|  |TAMS 0x0000000083100000, 0x0000000083000000| Untracked 
|  49|0x0000000083100000, 0x0000000083200000, 0x0000000083200000|100%| O|  |TAMS 0x0000000083200000, 0x0000000083100000| Untracked 
|  50|0x0000000083200000, 0x0000000083300000, 0x0000000083300000|100%| O|  |TAMS 0x0000000083300000, 0x0000000083200000| Untracked 
|  51|0x0000000083300000, 0x0000000083400000, 0x0000000083400000|100%| O|  |TAMS 0x0000000083400000, 0x0000000083300000| Untracked 
|  52|0x0000000083400000, 0x0000000083500000, 0x0000000083500000|100%| O|  |TAMS 0x0000000083500000, 0x0000000083400000| Untracked 
|  53|0x0000000083500000, 0x0000000083600000, 0x0000000083600000|100%| O|  |TAMS 0x000000008355d200, 0x0000000083500000| Untracked 
|  54|0x0000000083600000, 0x0000000083700000, 0x0000000083700000|100%|HS|  |TAMS 0x0000000083600000, 0x0000000083600000| Complete 
|  55|0x0000000083700000, 0x0000000083800000, 0x0000000083800000|100%| O|  |TAMS 0x0000000083700000, 0x0000000083700000| Untracked 
|  56|0x0000000083800000, 0x0000000083900000, 0x0000000083900000|100%|HS|  |TAMS 0x0000000083800000, 0x0000000083800000| Complete 
|  57|0x0000000083900000, 0x0000000083a00000, 0x0000000083a00000|100%|HC|  |TAMS 0x0000000083900000, 0x0000000083900000| Complete 
|  58|0x0000000083a00000, 0x0000000083b00000, 0x0000000083b00000|100%| O|  |TAMS 0x0000000083a00000, 0x0000000083a00000| Untracked 
|  59|0x0000000083b00000, 0x0000000083c00000, 0x0000000083c00000|100%| O|  |TAMS 0x0000000083b00000, 0x0000000083b00000| Untracked 
|  60|0x0000000083c00000, 0x0000000083d00000, 0x0000000083d00000|100%| O|  |TAMS 0x0000000083c00000, 0x0000000083c00000| Untracked 
|  61|0x0000000083d00000, 0x0000000083e00000, 0x0000000083e00000|100%| O|  |TAMS 0x0000000083d00000, 0x0000000083d00000| Untracked 
|  62|0x0000000083e00000, 0x0000000083f00000, 0x0000000083f00000|100%| O|  |TAMS 0x0000000083e00000, 0x0000000083e00000| Untracked 
|  63|0x0000000083f00000, 0x0000000084000000, 0x0000000084000000|100%| O|  |TAMS 0x0000000083f00000, 0x0000000083f00000| Untracked 
|  64|0x0000000084000000, 0x0000000084100000, 0x0000000084100000|100%| O|  |TAMS 0x0000000084000000, 0x0000000084000000| Untracked 
|  65|0x0000000084100000, 0x0000000084200000, 0x0000000084200000|100%| O|  |TAMS 0x0000000084100000, 0x0000000084100000| Untracked 
|  66|0x0000000084200000, 0x0000000084300000, 0x0000000084300000|100%| O|  |TAMS 0x0000000084200000, 0x0000000084200000| Untracked 
|  67|0x0000000084300000, 0x0000000084400000, 0x0000000084400000|100%| O|  |TAMS 0x0000000084300000, 0x0000000084300000| Untracked 
|  68|0x0000000084400000, 0x0000000084500000, 0x0000000084500000|100%| O|  |TAMS 0x0000000084400000, 0x0000000084400000| Untracked 
|  69|0x0000000084500000, 0x0000000084600000, 0x0000000084600000|100%| O|  |TAMS 0x0000000084500000, 0x0000000084500000| Untracked 
|  70|0x0000000084600000, 0x0000000084700000, 0x0000000084700000|100%| O|  |TAMS 0x0000000084600000, 0x0000000084600000| Untracked 
|  71|0x0000000084700000, 0x0000000084800000, 0x0000000084800000|100%| O|  |TAMS 0x0000000084700000, 0x0000000084700000| Untracked 
|  72|0x0000000084800000, 0x0000000084900000, 0x0000000084900000|100%| O|  |TAMS 0x0000000084800000, 0x0000000084800000| Untracked 
|  73|0x0000000084900000, 0x0000000084a00000, 0x0000000084a00000|100%| O|  |TAMS 0x0000000084900000, 0x0000000084900000| Untracked 
|  74|0x0000000084a00000, 0x0000000084b00000, 0x0000000084b00000|100%| O|  |TAMS 0x0000000084a00000, 0x0000000084a00000| Untracked 
|  75|0x0000000084b00000, 0x0000000084c00000, 0x0000000084c00000|100%| O|  |TAMS 0x0000000084b00000, 0x0000000084b00000| Untracked 
|  76|0x0000000084c00000, 0x0000000084d00000, 0x0000000084d00000|100%| O|  |TAMS 0x0000000084c00000, 0x0000000084c00000| Untracked 
|  77|0x0000000084d00000, 0x0000000084e00000, 0x0000000084e00000|100%| O|  |TAMS 0x0000000084d00000, 0x0000000084d00000| Untracked 
|  78|0x0000000084e00000, 0x0000000084f00000, 0x0000000084f00000|100%| O|  |TAMS 0x0000000084e00000, 0x0000000084e00000| Untracked 
|  79|0x0000000084f00000, 0x0000000085000000, 0x0000000085000000|100%| O|  |TAMS 0x0000000084f00000, 0x0000000084f00000| Untracked 
|  80|0x0000000085000000, 0x0000000085100000, 0x0000000085100000|100%| O|  |TAMS 0x0000000085000000, 0x0000000085000000| Untracked 
|  81|0x0000000085100000, 0x0000000085200000, 0x0000000085200000|100%| O|  |TAMS 0x0000000085100000, 0x0000000085100000| Untracked 
|  82|0x0000000085200000, 0x0000000085300000, 0x0000000085300000|100%| O|  |TAMS 0x0000000085200000, 0x0000000085200000| Untracked 
|  83|0x0000000085300000, 0x0000000085400000, 0x0000000085400000|100%|HS|  |TAMS 0x0000000085300000, 0x0000000085300000| Complete 
|  84|0x0000000085400000, 0x0000000085500000, 0x0000000085500000|100%|HC|  |TAMS 0x0000000085400000, 0x0000000085400000| Complete 
|  85|0x0000000085500000, 0x0000000085600000, 0x0000000085600000|100%|HS|  |TAMS 0x0000000085500000, 0x0000000085500000| Complete 
|  86|0x0000000085600000, 0x0000000085700000, 0x0000000085700000|100%|HC|  |TAMS 0x0000000085600000, 0x0000000085600000| Complete 
|  87|0x0000000085700000, 0x0000000085800000, 0x0000000085800000|100%|HC|  |TAMS 0x0000000085700000, 0x0000000085700000| Complete 
|  88|0x0000000085800000, 0x0000000085900000, 0x0000000085900000|100%|HC|  |TAMS 0x0000000085800000, 0x0000000085800000| Complete 
|  89|0x0000000085900000, 0x0000000085a00000, 0x0000000085a00000|100%| O|  |TAMS 0x0000000085900000, 0x0000000085900000| Untracked 
|  90|0x0000000085a00000, 0x0000000085b00000, 0x0000000085b00000|100%| O|  |TAMS 0x0000000085a00000, 0x0000000085a00000| Untracked 
|  91|0x0000000085b00000, 0x0000000085c00000, 0x0000000085c00000|100%| O|  |TAMS 0x0000000085b00000, 0x0000000085b00000| Untracked 
|  92|0x0000000085c00000, 0x0000000085d00000, 0x0000000085d00000|100%| O|  |TAMS 0x0000000085c00000, 0x0000000085c00000| Untracked 
|  93|0x0000000085d00000, 0x0000000085e00000, 0x0000000085e00000|100%| O|  |TAMS 0x0000000085d00000, 0x0000000085d00000| Untracked 
|  94|0x0000000085e00000, 0x0000000085f00000, 0x0000000085f00000|100%| O|  |TAMS 0x0000000085e00000, 0x0000000085e00000| Untracked 
|  95|0x0000000085f00000, 0x0000000085fd7600, 0x0000000086000000| 84%| O|  |TAMS 0x0000000085f00000, 0x0000000085f00000| Untracked 
|  96|0x0000000086000000, 0x0000000086100000, 0x0000000086100000|100%|HS|  |TAMS 0x0000000086000000, 0x0000000086000000| Complete 
|  97|0x0000000086100000, 0x0000000086200000, 0x0000000086200000|100%|HS|  |TAMS 0x0000000086100000, 0x0000000086100000| Complete 
|  98|0x0000000086200000, 0x0000000086200000, 0x0000000086300000|  0%| F|  |TAMS 0x0000000086200000, 0x0000000086200000| Untracked 
|  99|0x0000000086300000, 0x0000000086300000, 0x0000000086400000|  0%| F|  |TAMS 0x0000000086300000, 0x0000000086300000| Untracked 
| 100|0x0000000086400000, 0x0000000086400000, 0x0000000086500000|  0%| F|  |TAMS 0x0000000086400000, 0x0000000086400000| Untracked 
| 101|0x0000000086500000, 0x0000000086500000, 0x0000000086600000|  0%| F|  |TAMS 0x0000000086500000, 0x0000000086500000| Untracked 
| 102|0x0000000086600000, 0x0000000086600000, 0x0000000086700000|  0%| F|  |TAMS 0x0000000086600000, 0x0000000086600000| Untracked 
| 103|0x0000000086700000, 0x0000000086700000, 0x0000000086800000|  0%| F|  |TAMS 0x0000000086700000, 0x0000000086700000| Untracked 
| 104|0x0000000086800000, 0x0000000086800000, 0x0000000086900000|  0%| F|  |TAMS 0x0000000086800000, 0x0000000086800000| Untracked 
| 105|0x0000000086900000, 0x0000000086900000, 0x0000000086a00000|  0%| F|  |TAMS 0x0000000086900000, 0x0000000086900000| Untracked 
| 106|0x0000000086a00000, 0x0000000086a00000, 0x0000000086b00000|  0%| F|  |TAMS 0x0000000086a00000, 0x0000000086a00000| Untracked 
| 107|0x0000000086b00000, 0x0000000086b00000, 0x0000000086c00000|  0%| F|  |TAMS 0x0000000086b00000, 0x0000000086b00000| Untracked 
| 108|0x0000000086c00000, 0x0000000086c00000, 0x0000000086d00000|  0%| F|  |TAMS 0x0000000086c00000, 0x0000000086c00000| Untracked 
| 109|0x0000000086d00000, 0x0000000086d00000, 0x0000000086e00000|  0%| F|  |TAMS 0x0000000086d00000, 0x0000000086d00000| Untracked 
| 110|0x0000000086e00000, 0x0000000086e00000, 0x0000000086f00000|  0%| F|  |TAMS 0x0000000086e00000, 0x0000000086e00000| Untracked 
| 111|0x0000000086f00000, 0x0000000086f00000, 0x0000000087000000|  0%| F|  |TAMS 0x0000000086f00000, 0x0000000086f00000| Untracked 
| 112|0x0000000087000000, 0x0000000087000000, 0x0000000087100000|  0%| F|  |TAMS 0x0000000087000000, 0x0000000087000000| Untracked 
| 113|0x0000000087100000, 0x0000000087100000, 0x0000000087200000|  0%| F|  |TAMS 0x0000000087100000, 0x0000000087100000| Untracked 
| 114|0x0000000087200000, 0x0000000087300000, 0x0000000087300000|100%| S|CS|TAMS 0x0000000087200000, 0x0000000087200000| Complete 
| 115|0x0000000087300000, 0x0000000087400000, 0x0000000087400000|100%| S|CS|TAMS 0x0000000087300000, 0x0000000087300000| Complete 
| 116|0x0000000087400000, 0x0000000087500000, 0x0000000087500000|100%| S|CS|TAMS 0x0000000087400000, 0x0000000087400000| Complete 
| 117|0x0000000087500000, 0x0000000087600000, 0x0000000087600000|100%| S|CS|TAMS 0x0000000087500000, 0x0000000087500000| Complete 
| 118|0x0000000087600000, 0x0000000087700000, 0x0000000087700000|100%| S|CS|TAMS 0x0000000087600000, 0x0000000087600000| Complete 
| 119|0x0000000087700000, 0x0000000087700000, 0x0000000087800000|  0%| F|  |TAMS 0x0000000087700000, 0x0000000087700000| Untracked 
| 120|0x0000000087800000, 0x0000000087800000, 0x0000000087900000|  0%| F|  |TAMS 0x0000000087800000, 0x0000000087800000| Untracked 
| 121|0x0000000087900000, 0x0000000087900000, 0x0000000087a00000|  0%| F|  |TAMS 0x0000000087900000, 0x0000000087900000| Untracked 
| 122|0x0000000087a00000, 0x0000000087a00000, 0x0000000087b00000|  0%| F|  |TAMS 0x0000000087a00000, 0x0000000087a00000| Untracked 
| 123|0x0000000087b00000, 0x0000000087b00000, 0x0000000087c00000|  0%| F|  |TAMS 0x0000000087b00000, 0x0000000087b00000| Untracked 
| 124|0x0000000087c00000, 0x0000000087d00000, 0x0000000087d00000|100%| S|CS|TAMS 0x0000000087c00000, 0x0000000087c00000| Complete 
| 125|0x0000000087d00000, 0x0000000087e00000, 0x0000000087e00000|100%| S|CS|TAMS 0x0000000087d00000, 0x0000000087d00000| Complete 
| 126|0x0000000087e00000, 0x0000000087f00000, 0x0000000087f00000|100%| S|CS|TAMS 0x0000000087e00000, 0x0000000087e00000| Complete 
| 127|0x0000000087f00000, 0x0000000087f00000, 0x0000000088000000|  0%| F|  |TAMS 0x0000000087f00000, 0x0000000087f00000| Untracked 
| 128|0x0000000088000000, 0x0000000088000000, 0x0000000088100000|  0%| F|  |TAMS 0x0000000088000000, 0x0000000088000000| Untracked 
| 129|0x0000000088100000, 0x0000000088100000, 0x0000000088200000|  0%| F|  |TAMS 0x0000000088100000, 0x0000000088100000| Untracked 
| 130|0x0000000088200000, 0x0000000088200000, 0x0000000088300000|  0%| F|  |TAMS 0x0000000088200000, 0x0000000088200000| Untracked 
| 131|0x0000000088300000, 0x0000000088300000, 0x0000000088400000|  0%| F|  |TAMS 0x0000000088300000, 0x0000000088300000| Untracked 
| 132|0x0000000088400000, 0x0000000088400000, 0x0000000088500000|  0%| F|  |TAMS 0x0000000088400000, 0x0000000088400000| Untracked 
| 133|0x0000000088500000, 0x0000000088500000, 0x0000000088600000|  0%| F|  |TAMS 0x0000000088500000, 0x0000000088500000| Untracked 
| 134|0x0000000088600000, 0x0000000088600000, 0x0000000088700000|  0%| F|  |TAMS 0x0000000088600000, 0x0000000088600000| Untracked 
| 135|0x0000000088700000, 0x0000000088700000, 0x0000000088800000|  0%| F|  |TAMS 0x0000000088700000, 0x0000000088700000| Untracked 
| 136|0x0000000088800000, 0x0000000088800000, 0x0000000088900000|  0%| F|  |TAMS 0x0000000088800000, 0x0000000088800000| Untracked 
| 137|0x0000000088900000, 0x0000000088900000, 0x0000000088a00000|  0%| F|  |TAMS 0x0000000088900000, 0x0000000088900000| Untracked 
| 138|0x0000000088a00000, 0x0000000088a00000, 0x0000000088b00000|  0%| F|  |TAMS 0x0000000088a00000, 0x0000000088a00000| Untracked 
| 139|0x0000000088b00000, 0x0000000088b00000, 0x0000000088c00000|  0%| F|  |TAMS 0x0000000088b00000, 0x0000000088b00000| Untracked 
| 140|0x0000000088c00000, 0x0000000088c00000, 0x0000000088d00000|  0%| F|  |TAMS 0x0000000088c00000, 0x0000000088c00000| Untracked 
| 141|0x0000000088d00000, 0x0000000088d00000, 0x0000000088e00000|  0%| F|  |TAMS 0x0000000088d00000, 0x0000000088d00000| Untracked 
| 142|0x0000000088e00000, 0x0000000088e00000, 0x0000000088f00000|  0%| F|  |TAMS 0x0000000088e00000, 0x0000000088e00000| Untracked 
| 143|0x0000000088f00000, 0x0000000088f00000, 0x0000000089000000|  0%| F|  |TAMS 0x0000000088f00000, 0x0000000088f00000| Untracked 
| 144|0x0000000089000000, 0x0000000089000000, 0x0000000089100000|  0%| F|  |TAMS 0x0000000089000000, 0x0000000089000000| Untracked 
| 145|0x0000000089100000, 0x0000000089100000, 0x0000000089200000|  0%| F|  |TAMS 0x0000000089100000, 0x0000000089100000| Untracked 
| 146|0x0000000089200000, 0x0000000089200000, 0x0000000089300000|  0%| F|  |TAMS 0x0000000089200000, 0x0000000089200000| Untracked 
| 147|0x0000000089300000, 0x0000000089300000, 0x0000000089400000|  0%| F|  |TAMS 0x0000000089300000, 0x0000000089300000| Untracked 
| 148|0x0000000089400000, 0x0000000089400000, 0x0000000089500000|  0%| F|  |TAMS 0x0000000089400000, 0x0000000089400000| Untracked 
| 149|0x0000000089500000, 0x0000000089500000, 0x0000000089600000|  0%| F|  |TAMS 0x0000000089500000, 0x0000000089500000| Untracked 
| 150|0x0000000089600000, 0x0000000089600000, 0x0000000089700000|  0%| F|  |TAMS 0x0000000089600000, 0x0000000089600000| Untracked 
| 151|0x0000000089700000, 0x0000000089700000, 0x0000000089800000|  0%| F|  |TAMS 0x0000000089700000, 0x0000000089700000| Untracked 
| 152|0x0000000089800000, 0x0000000089800000, 0x0000000089900000|  0%| F|  |TAMS 0x0000000089800000, 0x0000000089800000| Untracked 
| 153|0x0000000089900000, 0x0000000089900000, 0x0000000089a00000|  0%| F|  |TAMS 0x0000000089900000, 0x0000000089900000| Untracked 
| 154|0x0000000089a00000, 0x0000000089a00000, 0x0000000089b00000|  0%| F|  |TAMS 0x0000000089a00000, 0x0000000089a00000| Untracked 
| 155|0x0000000089b00000, 0x0000000089b00000, 0x0000000089c00000|  0%| F|  |TAMS 0x0000000089b00000, 0x0000000089b00000| Untracked 
| 156|0x0000000089c00000, 0x0000000089c00000, 0x0000000089d00000|  0%| F|  |TAMS 0x0000000089c00000, 0x0000000089c00000| Untracked 
| 157|0x0000000089d00000, 0x0000000089d00000, 0x0000000089e00000|  0%| F|  |TAMS 0x0000000089d00000, 0x0000000089d00000| Untracked 
| 158|0x0000000089e00000, 0x0000000089f00000, 0x0000000089f00000|100%| E|  |TAMS 0x0000000089e00000, 0x0000000089e00000| Complete 
| 159|0x0000000089f00000, 0x000000008a000000, 0x000000008a000000|100%| E|CS|TAMS 0x0000000089f00000, 0x0000000089f00000| Complete 
| 160|0x000000008a000000, 0x000000008a100000, 0x000000008a100000|100%| E|CS|TAMS 0x000000008a000000, 0x000000008a000000| Complete 
| 161|0x000000008a100000, 0x000000008a200000, 0x000000008a200000|100%| E|CS|TAMS 0x000000008a100000, 0x000000008a100000| Complete 
| 162|0x000000008a200000, 0x000000008a300000, 0x000000008a300000|100%| E|CS|TAMS 0x000000008a200000, 0x000000008a200000| Complete 
| 163|0x000000008a300000, 0x000000008a400000, 0x000000008a400000|100%| E|CS|TAMS 0x000000008a300000, 0x000000008a300000| Complete 
| 164|0x000000008a400000, 0x000000008a500000, 0x000000008a500000|100%| E|CS|TAMS 0x000000008a400000, 0x000000008a400000| Complete 
| 165|0x000000008a500000, 0x000000008a600000, 0x000000008a600000|100%| E|CS|TAMS 0x000000008a500000, 0x000000008a500000| Complete 
| 166|0x000000008a600000, 0x000000008a700000, 0x000000008a700000|100%| E|CS|TAMS 0x000000008a600000, 0x000000008a600000| Complete 
| 167|0x000000008a700000, 0x000000008a800000, 0x000000008a800000|100%| E|CS|TAMS 0x000000008a700000, 0x000000008a700000| Complete 
| 168|0x000000008a800000, 0x000000008a900000, 0x000000008a900000|100%| E|CS|TAMS 0x000000008a800000, 0x000000008a800000| Complete 
| 169|0x000000008a900000, 0x000000008aa00000, 0x000000008aa00000|100%| E|CS|TAMS 0x000000008a900000, 0x000000008a900000| Complete 
| 170|0x000000008aa00000, 0x000000008ab00000, 0x000000008ab00000|100%| E|CS|TAMS 0x000000008aa00000, 0x000000008aa00000| Complete 
| 171|0x000000008ab00000, 0x000000008ac00000, 0x000000008ac00000|100%| E|CS|TAMS 0x000000008ab00000, 0x000000008ab00000| Complete 
| 172|0x000000008ac00000, 0x000000008ad00000, 0x000000008ad00000|100%| E|CS|TAMS 0x000000008ac00000, 0x000000008ac00000| Complete 
| 173|0x000000008ad00000, 0x000000008ae00000, 0x000000008ae00000|100%| E|CS|TAMS 0x000000008ad00000, 0x000000008ad00000| Complete 
| 174|0x000000008ae00000, 0x000000008af00000, 0x000000008af00000|100%| E|CS|TAMS 0x000000008ae00000, 0x000000008ae00000| Complete 
| 175|0x000000008af00000, 0x000000008b000000, 0x000000008b000000|100%| E|CS|TAMS 0x000000008af00000, 0x000000008af00000| Complete 
| 176|0x000000008b000000, 0x000000008b100000, 0x000000008b100000|100%| E|CS|TAMS 0x000000008b000000, 0x000000008b000000| Complete 
| 177|0x000000008b100000, 0x000000008b200000, 0x000000008b200000|100%| E|CS|TAMS 0x000000008b100000, 0x000000008b100000| Complete 
| 178|0x000000008b200000, 0x000000008b300000, 0x000000008b300000|100%| E|CS|TAMS 0x000000008b200000, 0x000000008b200000| Complete 
| 179|0x000000008b300000, 0x000000008b400000, 0x000000008b400000|100%| E|CS|TAMS 0x000000008b300000, 0x000000008b300000| Complete 
| 180|0x000000008b400000, 0x000000008b500000, 0x000000008b500000|100%| E|CS|TAMS 0x000000008b400000, 0x000000008b400000| Complete 
| 181|0x000000008b500000, 0x000000008b600000, 0x000000008b600000|100%| E|CS|TAMS 0x000000008b500000, 0x000000008b500000| Complete 
| 182|0x000000008b600000, 0x000000008b700000, 0x000000008b700000|100%| E|CS|TAMS 0x000000008b600000, 0x000000008b600000| Complete 
| 183|0x000000008b700000, 0x000000008b800000, 0x000000008b800000|100%| E|CS|TAMS 0x000000008b700000, 0x000000008b700000| Complete 

Card table byte_map: [0x0000023b32b00000,0x0000023b32f00000] _byte_map_base: 0x0000023b32700000

Marking Bits (Prev, Next): (CMBitMap*) 0x0000023b1bb1ed50, (CMBitMap*) 0x0000023b1bb1ed90
 Prev Bits: [0x0000023b33300000, 0x0000023b35300000)
 Next Bits: [0x0000023b35300000, 0x0000023b37300000)

Polling page: 0x0000023b19a20000

Metaspace:

Usage:
  Non-class:     70.32 MB used.
      Class:     11.40 MB used.
       Both:     81.73 MB used.

Virtual space:
  Non-class space:      128.00 MB reserved,      71.38 MB ( 56%) committed,  2 nodes.
      Class space:      412.00 MB reserved,      12.38 MB (  3%) committed,  1 nodes.
             Both:      540.00 MB reserved,      83.75 MB ( 16%) committed. 

Chunk freelists:
   Non-Class:  412.00 KB
       Class:  3.50 MB
        Both:  3.90 MB

MaxMetaspaceSize: 512.00 MB
CompressedClassSpaceSize: 412.00 MB
Initial GC threshold: 21.00 MB
Current GC threshold: 102.31 MB
CDS: on
MetaspaceReclaimPolicy: balanced
 - commit_granule_bytes: 65536.
 - commit_granule_words: 8192.
 - virtual_space_node_default_size: 8388608.
 - enlarge_chunks_in_place: 1.
 - new_chunks_are_fully_committed: 0.
 - uncommit_free_chunks: 1.
 - use_allocation_guard: 0.


Internal statistics:

num_allocs_failed_limit: 12.
num_arena_births: 3526.
num_arena_deaths: 0.
num_vsnodes_births: 3.
num_vsnodes_deaths: 0.
num_space_committed: 1340.
num_space_uncommitted: 0.
num_chunks_returned_to_freelist: 12.
num_chunks_taken_from_freelist: 7473.
num_chunk_merges: 12.
num_chunk_splits: 4876.
num_chunks_enlarged: 3072.
num_inconsistent_stats: 0.

CodeHeap 'non-profiled nmethods': size=120000Kb used=5093Kb max_used=5422Kb free=114906Kb
 bounds [0x0000023b2aea0000, 0x0000023b2b3f0000, 0x0000023b323d0000]
CodeHeap 'profiled nmethods': size=120000Kb used=19410Kb max_used=20000Kb free=100589Kb
 bounds [0x0000023b23970000, 0x0000023b24d10000, 0x0000023b2aea0000]
CodeHeap 'non-nmethods': size=5760Kb used=2420Kb max_used=2485Kb free=3339Kb
 bounds [0x0000023b233d0000, 0x0000023b23650000, 0x0000023b23970000]
 total_blobs=10820 nmethods=9887 adapters=845
 compilation: enabled
              stopped_count=0, restarted_count=0
 full_count=0

Compilation events (20 events):
Event: 35.350 Thread 0x0000023b398f7c20 nmethod 11522 0x0000023b2b0f5f10 code [0x0000023b2b0f61c0, 0x0000023b2b0f7048]
Event: 35.350 Thread 0x0000023b398f7c20 11525 %     4       groovy.lang.MetaClassImpl::applyStrayPropertyMethods @ 57 (288 bytes)
Event: 35.353 Thread 0x0000023b398f8510 11530       3       sun.reflect.generics.parser.SignatureParser::parseBounds (112 bytes)
Event: 35.354 Thread 0x0000023b398f8510 nmethod 11530 0x0000023b23f2ad10 code [0x0000023b23f2afe0, 0x0000023b23f2c0b8]
Event: 35.355 Thread 0x0000023b398f8510 11531       3       groovy.lang.MetaClassImpl::makeStaticPropertyIndex (143 bytes)
Event: 35.356 Thread 0x0000023b398f8510 nmethod 11531 0x0000023b2424cc10 code [0x0000023b2424cf20, 0x0000023b2424e938]
Event: 35.382 Thread 0x0000023b398f8510 11532       3       sun.reflect.generics.reflectiveObjects.TypeVariableImpl::make (68 bytes)
Event: 35.383 Thread 0x0000023b398f8510 nmethod 11532 0x0000023b243f4d90 code [0x0000023b243f5020, 0x0000023b243f5df8]
Event: 35.383 Thread 0x0000023b398f8510 11533       3       java.lang.reflect.Executable$$Lambda$335/0x0000000801078460::apply (10 bytes)
Event: 35.383 Thread 0x0000023b398f8510 nmethod 11533 0x0000023b23f2a790 code [0x0000023b23f2a940, 0x0000023b23f2ac28]
Event: 35.388 Thread 0x0000023b398f8510 11535       2       org.gradle.internal.logging.text.AbstractLineChoppingStyledTextOutput$1::execute (9 bytes)
Event: 35.388 Thread 0x0000023b398f8510 nmethod 11535 0x0000023b239d0910 code [0x0000023b239d0aa0, 0x0000023b239d0c08]
Event: 35.388 Thread 0x0000023b398f8510 11538       2       org.gradle.internal.logging.text.AbstractLineChoppingStyledTextOutput$StateContext::setState (10 bytes)
Event: 35.388 Thread 0x0000023b398f8510 nmethod 11538 0x0000023b24776990 code [0x0000023b24776b20, 0x0000023b24776c78]
Event: 35.388 Thread 0x0000023b398f8510 11536       2       org.gradle.internal.logging.text.AbstractLineChoppingStyledTextOutput$1::execute (140 bytes)
Event: 35.389 Thread 0x0000023b398f8510 nmethod 11536 0x0000023b23e24e10 code [0x0000023b23e25040, 0x0000023b23e25518]
Event: 35.389 Thread 0x0000023b398f8510 11537       2       org.gradle.internal.logging.text.AbstractLineChoppingStyledTextOutput$2::execute (77 bytes)
Event: 35.390 Thread 0x0000023b398f8510 nmethod 11537 0x0000023b23f0f990 code [0x0000023b23f0fba0, 0x0000023b23f0ff88]
Event: 35.390 Thread 0x0000023b398f8510 11539       2       org.gradle.internal.logging.text.AbstractLineChoppingStyledTextOutput::access$402 (7 bytes)
Event: 35.390 Thread 0x0000023b398f8510 nmethod 11539 0x0000023b23e9d410 code [0x0000023b23e9d5a0, 0x0000023b23e9d6d8]

GC Heap History (20 events):
Event: 19.750 GC heap before
{Heap before GC invocations=22 (full 0):
 garbage-first heap   total 89088K, used 71429K [0x0000000080000000, 0x0000000100000000)
  region size 1024K, 22 young (22528K), 1 survivors (1024K)
 Metaspace       used 57146K, committed 58816K, reserved 487424K
  class space    used 8057K, committed 8896K, reserved 421888K
}
Event: 19.754 GC heap after
{Heap after GC invocations=23 (full 0):
 garbage-first heap   total 89088K, used 52471K [0x0000000080000000, 0x0000000100000000)
  region size 1024K, 2 young (2048K), 2 survivors (2048K)
 Metaspace       used 57146K, committed 58816K, reserved 487424K
  class space    used 8057K, committed 8896K, reserved 421888K
}
Event: 20.352 GC heap before
{Heap before GC invocations=24 (full 0):
 garbage-first heap   total 94208K, used 71927K [0x0000000080000000, 0x0000000100000000)
  region size 1024K, 21 young (21504K), 2 survivors (2048K)
 Metaspace       used 58345K, committed 59968K, reserved 487424K
  class space    used 8198K, committed 9024K, reserved 421888K
}
Event: 20.356 GC heap after
{Heap after GC invocations=25 (full 0):
 garbage-first heap   total 94208K, used 54109K [0x0000000080000000, 0x0000000100000000)
  region size 1024K, 2 young (2048K), 2 survivors (2048K)
 Metaspace       used 58345K, committed 59968K, reserved 487424K
  class space    used 8198K, committed 9024K, reserved 421888K
}
Event: 20.391 GC heap before
{Heap before GC invocations=25 (full 0):
 garbage-first heap   total 94208K, used 56157K [0x0000000080000000, 0x0000000100000000)
  region size 1024K, 4 young (4096K), 2 survivors (2048K)
 Metaspace       used 58458K, committed 60096K, reserved 487424K
  class space    used 8214K, committed 9024K, reserved 421888K
}
Event: 20.393 GC heap after
{Heap after GC invocations=26 (full 0):
 garbage-first heap   total 94208K, used 53996K [0x0000000080000000, 0x0000000100000000)
  region size 1024K, 1 young (1024K), 1 survivors (1024K)
 Metaspace       used 58458K, committed 60096K, reserved 487424K
  class space    used 8214K, committed 9024K, reserved 421888K
}
Event: 20.762 GC heap before
{Heap before GC invocations=26 (full 0):
 garbage-first heap   total 94208K, used 75500K [0x0000000080000000, 0x0000000100000000)
  region size 1024K, 23 young (23552K), 1 survivors (1024K)
 Metaspace       used 60850K, committed 62592K, reserved 487424K
  class space    used 8558K, committed 9472K, reserved 421888K
}
Event: 20.766 GC heap after
{Heap after GC invocations=27 (full 0):
 garbage-first heap   total 188416K, used 56536K [0x0000000080000000, 0x0000000100000000)
  region size 1024K, 3 young (3072K), 3 survivors (3072K)
 Metaspace       used 60850K, committed 62592K, reserved 487424K
  class space    used 8558K, committed 9472K, reserved 421888K
}
Event: 22.065 GC heap before
{Heap before GC invocations=28 (full 0):
 garbage-first heap   total 188416K, used 144600K [0x0000000080000000, 0x0000000100000000)
  region size 1024K, 85 young (87040K), 3 survivors (3072K)
 Metaspace       used 67700K, committed 69504K, reserved 487424K
  class space    used 9381K, committed 10304K, reserved 421888K
}
Event: 22.071 GC heap after
{Heap after GC invocations=29 (full 0):
 garbage-first heap   total 188416K, used 72459K [0x0000000080000000, 0x0000000100000000)
  region size 1024K, 11 young (11264K), 11 survivors (11264K)
 Metaspace       used 67700K, committed 69504K, reserved 487424K
  class space    used 9381K, committed 10304K, reserved 421888K
}
Event: 22.081 GC heap before
{Heap before GC invocations=29 (full 0):
 garbage-first heap   total 188416K, used 73483K [0x0000000080000000, 0x0000000100000000)
  region size 1024K, 12 young (12288K), 11 survivors (11264K)
 Metaspace       used 67879K, committed 69632K, reserved 487424K
  class space    used 9400K, committed 10304K, reserved 421888K
}
Event: 22.086 GC heap after
{Heap after GC invocations=30 (full 0):
 garbage-first heap   total 188416K, used 73233K [0x0000000080000000, 0x0000000100000000)
  region size 1024K, 1 young (1024K), 1 survivors (1024K)
 Metaspace       used 67879K, committed 69632K, reserved 487424K
  class space    used 9400K, committed 10304K, reserved 421888K
}
Event: 22.887 GC heap before
{Heap before GC invocations=30 (full 0):
 garbage-first heap   total 188416K, used 150033K [0x0000000080000000, 0x0000000100000000)
  region size 1024K, 70 young (71680K), 1 survivors (1024K)
 Metaspace       used 74442K, committed 76288K, reserved 552960K
  class space    used 10198K, committed 11136K, reserved 421888K
}
Event: 22.892 GC heap after
{Heap after GC invocations=31 (full 0):
 garbage-first heap   total 188416K, used 78340K [0x0000000080000000, 0x0000000100000000)
  region size 1024K, 6 young (6144K), 6 survivors (6144K)
 Metaspace       used 74442K, committed 76288K, reserved 552960K
  class space    used 10198K, committed 11136K, reserved 421888K
}
Event: 31.179 GC heap before
{Heap before GC invocations=31 (full 0):
 garbage-first heap   total 188416K, used 144900K [0x0000000080000000, 0x0000000100000000)
  region size 1024K, 71 young (72704K), 6 survivors (6144K)
 Metaspace       used 76949K, committed 78848K, reserved 552960K
  class space    used 10575K, committed 11520K, reserved 421888K
}
Event: 31.186 GC heap after
{Heap after GC invocations=32 (full 0):
 garbage-first heap   total 188416K, used 84946K [0x0000000080000000, 0x0000000100000000)
  region size 1024K, 7 young (7168K), 7 survivors (7168K)
 Metaspace       used 76949K, committed 78848K, reserved 552960K
  class space    used 10575K, committed 11520K, reserved 421888K
}
Event: 32.222 GC heap before
{Heap before GC invocations=32 (full 0):
 garbage-first heap   total 188416K, used 146386K [0x0000000080000000, 0x0000000100000000)
  region size 1024K, 67 young (68608K), 7 survivors (7168K)
 Metaspace       used 81275K, committed 83200K, reserved 552960K
  class space    used 11333K, committed 12288K, reserved 421888K
}
Event: 32.231 GC heap after
{Heap after GC invocations=33 (full 0):
 garbage-first heap   total 188416K, used 90974K [0x0000000080000000, 0x0000000100000000)
  region size 1024K, 6 young (6144K), 6 survivors (6144K)
 Metaspace       used 81275K, committed 83200K, reserved 552960K
  class space    used 11333K, committed 12288K, reserved 421888K
}
Event: 34.356 GC heap before
{Heap before GC invocations=33 (full 0):
 garbage-first heap   total 188416K, used 155486K [0x0000000080000000, 0x0000000100000000)
  region size 1024K, 63 young (64512K), 6 survivors (6144K)
 Metaspace       used 83098K, committed 85120K, reserved 552960K
  class space    used 11592K, committed 12608K, reserved 421888K
}
Event: 34.368 GC heap after
{Heap after GC invocations=34 (full 0):
 garbage-first heap   total 188416K, used 106333K [0x0000000080000000, 0x0000000100000000)
  region size 1024K, 8 young (8192K), 8 survivors (8192K)
 Metaspace       used 83098K, committed 85120K, reserved 552960K
  class space    used 11592K, committed 12608K, reserved 421888K
}

Deoptimization events (20 events):
Event: 35.273 Thread 0x0000023b3f63c0f0 Uncommon trap: trap_request=0xffffffbe fr.pc=0x0000023b2b3cc3c0 relative=0x00000000000001a0
Event: 35.273 Thread 0x0000023b3f63c0f0 Uncommon trap: reason=profile_predicate action=maybe_recompile pc=0x0000023b2b3cc3c0 method=java.util.LinkedHashMap.keysToArray([Ljava/lang/Object;)[Ljava/lang/Object; @ 12 c2
Event: 35.273 Thread 0x0000023b3f63c0f0 DEOPT PACKING pc=0x0000023b2b3cc3c0 sp=0x000000fde2ef8430
Event: 35.273 Thread 0x0000023b3f63c0f0 DEOPT UNPACKING pc=0x0000023b23425c23 sp=0x000000fde2ef83e8 mode 2
Event: 35.378 Thread 0x0000023b3f63c0f0 Uncommon trap: trap_request=0xffffff45 fr.pc=0x0000023b2b01d518 relative=0x00000000000001d8
Event: 35.378 Thread 0x0000023b3f63c0f0 Uncommon trap: reason=unstable_if action=reinterpret pc=0x0000023b2b01d518 method=org.codehaus.groovy.vmplugin.v8.Java8.checkCanSetAccessible(Ljava/lang/reflect/AccessibleObject;Ljava/lang/Class;)Z @ 42 c2
Event: 35.378 Thread 0x0000023b3f63c0f0 DEOPT PACKING pc=0x0000023b2b01d518 sp=0x000000fde2ef8f00
Event: 35.378 Thread 0x0000023b3f63c0f0 DEOPT UNPACKING pc=0x0000023b23425c23 sp=0x000000fde2ef8df8 mode 2
Event: 35.388 Thread 0x0000023b3f63c0f0 Uncommon trap: trap_request=0xffffffc6 fr.pc=0x0000023b2b26bd2c relative=0x00000000000003cc
Event: 35.388 Thread 0x0000023b3f63c0f0 Uncommon trap: reason=bimorphic_or_optimized_type_check action=maybe_recompile pc=0x0000023b2b26bd2c method=org.gradle.internal.logging.sink.OutputEventRenderer.onOutput(Lorg/gradle/internal/logging/events/OutputEvent;)V @ 1 c2
Event: 35.388 Thread 0x0000023b3f63c0f0 DEOPT PACKING pc=0x0000023b2b26bd2c sp=0x000000fde2ef92a0
Event: 35.388 Thread 0x0000023b3f63c0f0 DEOPT UNPACKING pc=0x0000023b23425c23 sp=0x000000fde2ef91f8 mode 2
Event: 35.388 Thread 0x0000023b3f63c0f0 Uncommon trap: trap_request=0xffffffde fr.pc=0x0000023b2af914e8 relative=0x0000000000001368
Event: 35.388 Thread 0x0000023b3f63c0f0 Uncommon trap: reason=class_check action=maybe_recompile pc=0x0000023b2af914e8 method=org.gradle.internal.logging.sink.OutputEventTransformer.onOutput(Lorg/gradle/internal/logging/events/OutputEvent;)V @ 225 c2
Event: 35.388 Thread 0x0000023b3f63c0f0 DEOPT PACKING pc=0x0000023b2af914e8 sp=0x000000fde2ef9160
Event: 35.388 Thread 0x0000023b3f63c0f0 DEOPT UNPACKING pc=0x0000023b23425c23 sp=0x000000fde2ef9158 mode 2
Event: 35.388 Thread 0x0000023b3f63c0f0 Uncommon trap: trap_request=0xffffff45 fr.pc=0x0000023b2b0d044c relative=0x00000000000000ac
Event: 35.388 Thread 0x0000023b3f63c0f0 Uncommon trap: reason=unstable_if action=reinterpret pc=0x0000023b2b0d044c method=org.gradle.internal.operations.logging.LoggingBuildOperationProgressBroadcaster.onOutput(Lorg/gradle/internal/logging/events/OutputEvent;)V @ 4 c2
Event: 35.388 Thread 0x0000023b3f63c0f0 DEOPT PACKING pc=0x0000023b2b0d044c sp=0x000000fde2ef9260
Event: 35.388 Thread 0x0000023b3f63c0f0 DEOPT UNPACKING pc=0x0000023b23425c23 sp=0x000000fde2ef91f0 mode 2

Classes loaded (20 events):
Event: 35.357 Loading class java/lang/CloneableCustomizer
Event: 35.357 Loading class java/lang/CloneableCustomizer done
Event: 35.357 Loading class java/io/SerializableBeanInfo
Event: 35.357 Loading class java/io/SerializableBeanInfo done
Event: 35.358 Loading class java/io/SerializableBeanInfo
Event: 35.358 Loading class java/io/SerializableBeanInfo done
Event: 35.358 Loading class java/io/SerializableCustomizer
Event: 35.358 Loading class java/io/SerializableCustomizer done
Event: 35.358 Loading class java/io/SerializableCustomizer
Event: 35.358 Loading class java/io/SerializableCustomizer done
Event: 35.380 Loading class java/lang/ClassBeanInfo
Event: 35.380 Loading class java/lang/ClassBeanInfo done
Event: 35.380 Loading class java/lang/ClassBeanInfo
Event: 35.380 Loading class java/lang/ClassBeanInfo done
Event: 35.381 Loading class java/lang/ClassCustomizer
Event: 35.381 Loading class java/lang/ClassCustomizer done
Event: 35.382 Loading class java/lang/ClassCustomizer
Event: 35.382 Loading class java/lang/ClassCustomizer done
Event: 35.397 Loading class java/io/LineNumberReader
Event: 35.397 Loading class java/io/LineNumberReader done

Classes unloaded (0 events):
No events

Classes redefined (0 events):
No events

Internal exceptions (20 events):
Event: 35.300 Thread 0x0000023b3f63c0f0 Exception <a 'java/lang/ClassNotFoundException'{0x000000008a42b7e0}: io/invertase/gradle/build/ProjectExtensionBeanInfo> (0x000000008a42b7e0) 
thrown [t:\workspace\open\src\hotspot\share\classfile\systemDictionary.cpp, line 255]
Event: 35.301 Thread 0x0000023b3f63c0f0 Exception <a 'java/lang/ClassNotFoundException'{0x000000008a437b08}: io/invertase/gradle/build/ProjectExtensionCustomizer> (0x000000008a437b08) 
thrown [t:\workspace\open\src\hotspot\share\classfile\systemDictionary.cpp, line 255]
Event: 35.305 Thread 0x0000023b3f63c0f0 Exception <a 'java/lang/ClassNotFoundException'{0x000000008a4738a8}: io/invertase/gradle/build/ReactNativeModuleBeanInfo> (0x000000008a4738a8) 
thrown [t:\workspace\open\src\hotspot\share\classfile\systemDictionary.cpp, line 255]
Event: 35.305 Thread 0x0000023b3f63c0f0 Exception <a 'java/lang/ClassNotFoundException'{0x000000008a47f230}: io/invertase/gradle/build/ReactNativeModuleCustomizer> (0x000000008a47f230) 
thrown [t:\workspace\open\src\hotspot\share\classfile\systemDictionary.cpp, line 255]
Event: 35.323 Thread 0x0000023b3f63c0f0 Exception <a 'java/lang/ClassNotFoundException'{0x000000008a3cd6e0}: io/invertase/gradle/build/ReactNativeSharedBeanInfo> (0x000000008a3cd6e0) 
thrown [t:\workspace\open\src\hotspot\share\classfile\systemDictionary.cpp, line 255]
Event: 35.324 Thread 0x0000023b3f63c0f0 Exception <a 'java/lang/ClassNotFoundException'{0x000000008a3d9068}: io/invertase/gradle/build/ReactNativeSharedCustomizer> (0x000000008a3d9068) 
thrown [t:\workspace\open\src\hotspot\share\classfile\systemDictionary.cpp, line 255]
Event: 35.328 Thread 0x0000023b3f63c0f0 Exception <a 'java/lang/ClassNotFoundException'{0x000000008a245b40}: java/util/LinkedHashMapBeanInfo> (0x000000008a245b40) 
thrown [t:\workspace\open\src\hotspot\share\classfile\systemDictionary.cpp, line 255]
Event: 35.328 Thread 0x0000023b3f63c0f0 Exception <a 'java/lang/ClassNotFoundException'{0x000000008a24d4a0}: java/util/LinkedHashMapCustomizer> (0x000000008a24d4a0) 
thrown [t:\workspace\open\src\hotspot\share\classfile\systemDictionary.cpp, line 255]
Event: 35.343 Thread 0x0000023b3f63c0f0 Exception <a 'java/lang/ClassNotFoundException'{0x000000008a113668}: build_az4jpd85mzx8c2f3zkqg5xidcBeanInfo> (0x000000008a113668) 
thrown [t:\workspace\open\src\hotspot\share\classfile\systemDictionary.cpp, line 255]
Event: 35.343 Thread 0x0000023b3f63c0f0 Exception <a 'java/lang/ClassNotFoundException'{0x000000008a119908}: build_az4jpd85mzx8c2f3zkqg5xidcCustomizer> (0x000000008a119908) 
thrown [t:\workspace\open\src\hotspot\share\classfile\systemDictionary.cpp, line 255]
Event: 35.346 Thread 0x0000023b3f63c0f0 Exception <a 'java/lang/ClassNotFoundException'{0x000000008a14f1c0}: io/invertase/gradle/common/PackageJsonBeanInfo> (0x000000008a14f1c0) 
thrown [t:\workspace\open\src\hotspot\share\classfile\systemDictionary.cpp, line 255]
Event: 35.347 Thread 0x0000023b3f63c0f0 Exception <a 'java/lang/ClassNotFoundException'{0x000000008a159590}: io/invertase/gradle/common/PackageJsonCustomizer> (0x000000008a159590) 
thrown [t:\workspace\open\src\hotspot\share\classfile\systemDictionary.cpp, line 255]
Event: 35.351 Thread 0x0000023b3f63c0f0 Exception <a 'java/lang/ClassNotFoundException'{0x000000008a1ef510}: java/util/MapBeanInfo> (0x000000008a1ef510) 
thrown [t:\workspace\open\src\hotspot\share\classfile\systemDictionary.cpp, line 255]
Event: 35.351 Thread 0x0000023b3f63c0f0 Exception <a 'java/lang/ClassNotFoundException'{0x000000008a1f6d60}: java/util/MapCustomizer> (0x000000008a1f6d60) 
thrown [t:\workspace\open\src\hotspot\share\classfile\systemDictionary.cpp, line 255]
Event: 35.356 Thread 0x0000023b3f63c0f0 Exception <a 'java/lang/ClassNotFoundException'{0x000000008a031b88}: java/lang/CloneableBeanInfo> (0x000000008a031b88) 
thrown [t:\workspace\open\src\hotspot\share\classfile\systemDictionary.cpp, line 255]
Event: 35.357 Thread 0x0000023b3f63c0f0 Exception <a 'java/lang/ClassNotFoundException'{0x000000008a039470}: java/lang/CloneableCustomizer> (0x000000008a039470) 
thrown [t:\workspace\open\src\hotspot\share\classfile\systemDictionary.cpp, line 255]
Event: 35.358 Thread 0x0000023b3f63c0f0 Exception <a 'java/lang/ClassNotFoundException'{0x000000008a047618}: java/io/SerializableBeanInfo> (0x000000008a047618) 
thrown [t:\workspace\open\src\hotspot\share\classfile\systemDictionary.cpp, line 255]
Event: 35.358 Thread 0x0000023b3f63c0f0 Exception <a 'java/lang/ClassNotFoundException'{0x000000008a04ef10}: java/io/SerializableCustomizer> (0x000000008a04ef10) 
thrown [t:\workspace\open\src\hotspot\share\classfile\systemDictionary.cpp, line 255]
Event: 35.381 Thread 0x0000023b3f63c0f0 Exception <a 'java/lang/ClassNotFoundException'{0x000000008a07edd8}: java/lang/ClassBeanInfo> (0x000000008a07edd8) 
thrown [t:\workspace\open\src\hotspot\share\classfile\systemDictionary.cpp, line 255]
Event: 35.382 Thread 0x0000023b3f63c0f0 Exception <a 'java/lang/ClassNotFoundException'{0x000000008a086918}: java/lang/ClassCustomizer> (0x000000008a086918) 
thrown [t:\workspace\open\src\hotspot\share\classfile\systemDictionary.cpp, line 255]

VM Operations (20 events):
Event: 33.241 Executing VM operation: Cleanup
Event: 33.262 Executing VM operation: Cleanup done
Event: 33.588 Executing VM operation: HandshakeAllThreads
Event: 33.588 Executing VM operation: HandshakeAllThreads done
Event: 33.699 Executing VM operation: ICBufferFull
Event: 33.699 Executing VM operation: ICBufferFull done
Event: 33.729 Executing VM operation: HandshakeAllThreads
Event: 33.730 Executing VM operation: HandshakeAllThreads done
Event: 33.753 Executing VM operation: HandshakeAllThreads
Event: 33.753 Executing VM operation: HandshakeAllThreads done
Event: 34.355 Executing VM operation: G1CollectForAllocation
Event: 34.370 Executing VM operation: G1CollectForAllocation done
Event: 35.022 Executing VM operation: ICBufferFull
Event: 35.022 Executing VM operation: ICBufferFull done
Event: 35.392 Executing VM operation: HandshakeAllThreads
Event: 35.392 Executing VM operation: HandshakeAllThreads done
Event: 35.394 Executing VM operation: HandshakeAllThreads
Event: 35.394 Executing VM operation: HandshakeAllThreads done
Event: 35.399 Executing VM operation: HandshakeAllThreads
Event: 35.399 Executing VM operation: HandshakeAllThreads done

Events (20 events):
Event: 33.766 Thread 0x0000023b398f8e00 flushing nmethod 0x0000023b24931d90
Event: 33.766 Thread 0x0000023b398f8e00 flushing nmethod 0x0000023b24932b10
Event: 33.766 Thread 0x0000023b398f8e00 flushing nmethod 0x0000023b24941590
Event: 33.766 Thread 0x0000023b398f8e00 flushing nmethod 0x0000023b24958210
Event: 33.766 Thread 0x0000023b398f8e00 flushing nmethod 0x0000023b24967a90
Event: 33.766 Thread 0x0000023b398f8e00 flushing nmethod 0x0000023b24977b10
Event: 33.766 Thread 0x0000023b398f8e00 flushing nmethod 0x0000023b24978d10
Event: 33.766 Thread 0x0000023b398f8e00 flushing nmethod 0x0000023b2497b590
Event: 33.766 Thread 0x0000023b398f8e00 flushing nmethod 0x0000023b249f8c90
Event: 33.766 Thread 0x0000023b398f8e00 flushing nmethod 0x0000023b24a10010
Event: 33.766 Thread 0x0000023b398f8e00 flushing nmethod 0x0000023b24a12e90
Event: 33.767 Thread 0x0000023b398f8e00 flushing nmethod 0x0000023b24a43890
Event: 33.767 Thread 0x0000023b398f8e00 flushing nmethod 0x0000023b24a67f10
Event: 33.767 Thread 0x0000023b398f8e00 flushing nmethod 0x0000023b24a7a110
Event: 33.767 Thread 0x0000023b398f8e00 flushing nmethod 0x0000023b24a95410
Event: 33.767 Thread 0x0000023b398f8e00 flushing nmethod 0x0000023b24ab2390
Event: 33.767 Thread 0x0000023b398f8e00 flushing nmethod 0x0000023b24aba910
Event: 33.767 Thread 0x0000023b398f8e00 flushing nmethod 0x0000023b24acc590
Event: 33.767 Thread 0x0000023b398f8e00 flushing nmethod 0x0000023b24b6ac90
Event: 33.768 Thread 0x0000023b398f8e00 flushing nmethod 0x0000023b24bd5710


Dynamic libraries:
0x00007ff650d20000 - 0x00007ff650d30000 	C:\Program Files\Java\jdk-18\bin\java.exe
0x00007ffc91f10000 - 0x00007ffc92124000 	C:\WINDOWS\SYSTEM32\ntdll.dll
0x00007ffc90b60000 - 0x00007ffc90c22000 	C:\WINDOWS\System32\KERNEL32.DLL
0x00007ffc8f8a0000 - 0x00007ffc8fc43000 	C:\WINDOWS\System32\KERNELBASE.dll
0x00007ffc8f480000 - 0x00007ffc8f591000 	C:\WINDOWS\System32\ucrtbase.dll
0x00007ffc434f0000 - 0x00007ffc4350a000 	C:\Program Files\Java\jdk-18\bin\VCRUNTIME140.dll
0x00007ffc45e40000 - 0x00007ffc45e58000 	C:\Program Files\Java\jdk-18\bin\jli.dll
0x00007ffc910c0000 - 0x00007ffc9116e000 	C:\WINDOWS\System32\ADVAPI32.dll
0x00007ffc90cb0000 - 0x00007ffc90d57000 	C:\WINDOWS\System32\msvcrt.dll
0x00007ffc90ab0000 - 0x00007ffc90b54000 	C:\WINDOWS\System32\sechost.dll
0x00007ffc90220000 - 0x00007ffc90337000 	C:\WINDOWS\System32\RPCRT4.dll
0x00007ffc90f10000 - 0x00007ffc910bb000 	C:\WINDOWS\System32\USER32.dll
0x00007ffc8f450000 - 0x00007ffc8f476000 	C:\WINDOWS\System32\win32u.dll
0x00007ffc7c120000 - 0x00007ffc7c3ae000 	C:\WINDOWS\WinSxS\amd64_microsoft.windows.common-controls_6595b64144ccf1df_6.0.22621.1635_none_270f70857386168e\COMCTL32.dll
0x00007ffc91340000 - 0x00007ffc91369000 	C:\WINDOWS\System32\GDI32.dll
0x00007ffc8f5a0000 - 0x00007ffc8f6b8000 	C:\WINDOWS\System32\gdi32full.dll
0x00007ffc8f330000 - 0x00007ffc8f3ca000 	C:\WINDOWS\System32\msvcp_win.dll
0x00007ffc84f20000 - 0x00007ffc84f2a000 	C:\WINDOWS\SYSTEM32\VERSION.dll
0x00007ffc90340000 - 0x00007ffc90371000 	C:\WINDOWS\System32\IMM32.DLL
0x00007ffc784c0000 - 0x00007ffc784cc000 	C:\Program Files\Java\jdk-18\bin\vcruntime140_1.dll
0x00007ffc2daa0000 - 0x00007ffc2db2d000 	C:\Program Files\Java\jdk-18\bin\msvcp140.dll
0x00007ffc267a0000 - 0x00007ffc273b1000 	C:\Program Files\Java\jdk-18\bin\server\jvm.dll
0x00007ffc90e40000 - 0x00007ffc90e48000 	C:\WINDOWS\System32\PSAPI.DLL
0x00007ffc75a50000 - 0x00007ffc75a59000 	C:\WINDOWS\SYSTEM32\WSOCK32.dll
0x00007ffc7c570000 - 0x00007ffc7c5a4000 	C:\WINDOWS\SYSTEM32\WINMM.dll
0x00007ffc90c30000 - 0x00007ffc90ca1000 	C:\WINDOWS\System32\WS2_32.dll
0x00007ffc8e420000 - 0x00007ffc8e438000 	C:\WINDOWS\SYSTEM32\kernel.appcore.dll
0x00007ffc5f780000 - 0x00007ffc5f78a000 	C:\Program Files\Java\jdk-18\bin\jimage.dll
0x00007ffc8cec0000 - 0x00007ffc8d0ee000 	C:\WINDOWS\SYSTEM32\DBGHELP.DLL
0x00007ffc8fd40000 - 0x00007ffc900c9000 	C:\WINDOWS\System32\combase.dll
0x00007ffc90d60000 - 0x00007ffc90e37000 	C:\WINDOWS\System32\OLEAUT32.dll
0x00007ffc755c0000 - 0x00007ffc755f2000 	C:\WINDOWS\SYSTEM32\dbgcore.DLL
0x00007ffc8f3d0000 - 0x00007ffc8f44b000 	C:\WINDOWS\System32\bcryptPrimitives.dll
0x00007ffc39fa0000 - 0x00007ffc39fc5000 	C:\Program Files\Java\jdk-18\bin\java.dll
0x00007ffc2d9c0000 - 0x00007ffc2da96000 	C:\Program Files\Java\jdk-18\bin\jsvml.dll
0x00007ffc91370000 - 0x00007ffc91b6a000 	C:\WINDOWS\System32\SHELL32.dll
0x00007ffc8d330000 - 0x00007ffc8dbfe000 	C:\WINDOWS\SYSTEM32\windows.storage.dll
0x00007ffc8d1f0000 - 0x00007ffc8d32e000 	C:\WINDOWS\SYSTEM32\wintypes.dll
0x00007ffc91dd0000 - 0x00007ffc91ec1000 	C:\WINDOWS\System32\SHCORE.dll
0x00007ffc90380000 - 0x00007ffc903de000 	C:\WINDOWS\System32\shlwapi.dll
0x00007ffc8f260000 - 0x00007ffc8f281000 	C:\WINDOWS\SYSTEM32\profapi.dll
0x00007ffc42910000 - 0x00007ffc42923000 	C:\Program Files\Java\jdk-18\bin\net.dll
0x00007ffc868a0000 - 0x00007ffc869d7000 	C:\WINDOWS\SYSTEM32\WINHTTP.dll
0x00007ffc8e8e0000 - 0x00007ffc8e949000 	C:\WINDOWS\system32\mswsock.dll
0x00007ffc42370000 - 0x00007ffc42386000 	C:\Program Files\Java\jdk-18\bin\nio.dll
0x00007ffc392d0000 - 0x00007ffc392e8000 	C:\Program Files\Java\jdk-18\bin\zip.dll
0x00007ffc3bc60000 - 0x00007ffc3bc70000 	C:\Program Files\Java\jdk-18\bin\verify.dll
0x00007ffc2ca20000 - 0x00007ffc2ca47000 	C:\Users\USER\.gradle\native\e1d6ef7f7dcc3fd88c89a11ec53ec762bb8ba0a96d01ffa2cd45eb1d1d8dd5c5\windows-amd64\native-platform.dll
0x00007ffc23f40000 - 0x00007ffc24084000 	C:\Users\USER\.gradle\native\0d407fdbe67a94daf76414ababcb853783967236a71b16ec16e742cd7a986fd3\windows-amd64\native-platform-file-events.dll
0x00007ffc4ac30000 - 0x00007ffc4ac39000 	C:\Program Files\Java\jdk-18\bin\management.dll
0x00007ffc49d70000 - 0x00007ffc49d7b000 	C:\Program Files\Java\jdk-18\bin\management_ext.dll
0x00007ffc8eb50000 - 0x00007ffc8eb6b000 	C:\WINDOWS\SYSTEM32\CRYPTSP.dll
0x00007ffc8e3e0000 - 0x00007ffc8e415000 	C:\WINDOWS\system32\rsaenh.dll
0x00007ffc8e9e0000 - 0x00007ffc8ea08000 	C:\WINDOWS\SYSTEM32\USERENV.dll
0x00007ffc8ece0000 - 0x00007ffc8ed08000 	C:\WINDOWS\SYSTEM32\bcrypt.dll
0x00007ffc8eb40000 - 0x00007ffc8eb4c000 	C:\WINDOWS\SYSTEM32\CRYPTBASE.dll
0x00007ffc8ded0000 - 0x00007ffc8defd000 	C:\WINDOWS\SYSTEM32\IPHLPAPI.DLL
0x00007ffc8fd10000 - 0x00007ffc8fd19000 	C:\WINDOWS\System32\NSI.dll
0x00007ffc84d20000 - 0x00007ffc84d39000 	C:\WINDOWS\SYSTEM32\dhcpcsvc6.DLL
0x00007ffc84e70000 - 0x00007ffc84e8f000 	C:\WINDOWS\SYSTEM32\dhcpcsvc.DLL
0x00007ffc8df40000 - 0x00007ffc8e033000 	C:\WINDOWS\SYSTEM32\DNSAPI.dll

dbghelp: loaded successfully - version: 4.0.5 - missing functions: none
symbol engine: initialized successfully - sym options: 0x614 - pdb path: .;C:\Program Files\Java\jdk-18\bin;C:\WINDOWS\SYSTEM32;C:\WINDOWS\WinSxS\amd64_microsoft.windows.common-controls_6595b64144ccf1df_6.0.22621.1635_none_270f70857386168e;C:\Program Files\Java\jdk-18\bin\server;C:\Users\USER\.gradle\native\e1d6ef7f7dcc3fd88c89a11ec53ec762bb8ba0a96d01ffa2cd45eb1d1d8dd5c5\windows-amd64;C:\Users\USER\.gradle\native\0d407fdbe67a94daf76414ababcb853783967236a71b16ec16e742cd7a986fd3\windows-amd64

VM Arguments:
jvm_args: -XX:MaxMetaspaceSize=512m --add-opens=java.base/java.util=ALL-UNNAMED --add-opens=java.base/java.lang=ALL-UNNAMED --add-opens=java.base/java.lang.invoke=ALL-UNNAMED --add-opens=java.base/java.util=ALL-UNNAMED --add-opens=java.prefs/java.util.prefs=ALL-UNNAMED --add-opens=java.prefs/java.util.prefs=ALL-UNNAMED --add-opens=java.base/java.nio.charset=ALL-UNNAMED --add-opens=java.base/java.net=ALL-UNNAMED --add-opens=java.base/java.util.concurrent.atomic=ALL-UNNAMED -Xmx2048m -Dfile.encoding=UTF-8 -Duser.country=US -Duser.language=en -Duser.variant 
java_command: org.gradle.launcher.daemon.bootstrap.GradleDaemon 7.5.1
java_class_path (initial): C:\Users\USER\.gradle\wrapper\dists\gradle-7.5.1-all\1ehga6e77gqps5uk2kc5kf1vc\gradle-7.5.1\lib\gradle-launcher-7.5.1.jar
Launcher Type: SUN_STANDARD

[Global flags]
     intx CICompilerCount                          = 4                                         {product} {ergonomic}
   size_t CompressedClassSpaceSize                 = 432013312                                 {product} {ergonomic}
     uint ConcGCThreads                            = 2                                         {product} {ergonomic}
     uint G1ConcRefinementThreads                  = 8                                         {product} {ergonomic}
   size_t G1HeapRegionSize                         = 1048576                                   {product} {ergonomic}
    uintx GCDrainStackTargetSize                   = 64                                        {product} {ergonomic}
   size_t InitialHeapSize                          = 130023424                                 {product} {ergonomic}
   size_t MarkStackSize                            = 4194304                                   {product} {ergonomic}
   size_t MaxHeapSize                              = 2147483648                                {product} {command line}
   size_t MaxMetaspaceSize                         = 536870912                                 {product} {command line}
   size_t MaxNewSize                               = 1287651328                                {product} {ergonomic}
   size_t MinHeapDeltaBytes                        = 1048576                                   {product} {ergonomic}
   size_t MinHeapSize                              = 8388608                                   {product} {ergonomic}
    uintx NonNMethodCodeHeapSize                   = 5839372                                {pd product} {ergonomic}
    uintx NonProfiledCodeHeapSize                  = 122909434                              {pd product} {ergonomic}
    uintx ProfiledCodeHeapSize                     = 122909434                              {pd product} {ergonomic}
    uintx ReservedCodeCacheSize                    = 251658240                              {pd product} {ergonomic}
     bool SegmentedCodeCache                       = true                                      {product} {ergonomic}
   size_t SoftMaxHeapSize                          = 2147483648                             {manageable} {ergonomic}
     bool UseCompressedClassPointers               = true                           {product lp64_product} {ergonomic}
     bool UseCompressedOops                        = true                           {product lp64_product} {ergonomic}
     bool UseG1GC                                  = true                                      {product} {ergonomic}
     bool UseLargePagesIndividualAllocation        = false                                  {pd product} {ergonomic}

Logging:
Log output configuration:
 #0: stdout all=warning uptime,level,tags foldmultilines=false
 #1: stderr all=off uptime,level,tags foldmultilines=false

Environment Variables:
JAVA_HOME=C:\Program Files\Java\jdk-18
CLASSPATH=C:\Users\USER\Documents\GitHub\Homestayreact\android\\gradle\wrapper\gradle-wrapper.jar
PATH=C:\Users\USER\Documents\GitHub\Homestayreact\android\node_modules\.bin;C:\Users\USER\Documents\GitHub\Homestayreact\node_modules\.bin;C:\Users\USER\Documents\GitHub\node_modules\.bin;C:\Users\USER\Documents\node_modules\.bin;C:\Users\USER\node_modules\.bin;C:\Users\node_modules\.bin;C:\node_modules\.bin;C:\Program Files\nodejs;C:\Users\USER\AppData\Local\Temp\yarn--1683698309811-0.3298725803650764;C:\Users\USER\Documents\GitHub\Homestayreact\node_modules\.bin;C:\Users\USER\AppData\Local\Yarn\Data\link\node_modules\.bin;C:\Program Files\libexec\lib\node_modules\npm\bin\node-gyp-bin;C:\Program Files\lib\node_modules\npm\bin\node-gyp-bin;C:\Program Files\nodejs\node_modules\npm\bin\node-gyp-bin;C:\Program Files\Common Files\Oracle\Java\javapath;C:\Windows\system32;C:\Windows;C:\Windows\System32\Wbem;C:\Windows\System32\WindowsPowerShell\v1.0\;C:\Windows\System32\OpenSSH\;C:\Program Files (x86)\NVIDIA Corporation\PhysX\Common;C:\Program Files\NVIDIA Corporation\NVIDIA NvDLISR;C:\WINDOWS\system32;C:\WINDOWS;C:\WINDOWS\System32\Wbem;C:\WINDOWS\System32\WindowsPowerShell\v1.0\;C:\WINDOWS\System32\OpenSSH\;C:\Program Files\Microsoft SQL Server\Client SDK\ODBC\170\Tools\Binn\;C:\Program Files (x86)\Microsoft SQL Server\150\Tools\Binn\;C:\Program Files\Microsoft SQL Server\150\Tools\Binn\;C:\Program Files\Microsoft SQL Server\150\DTS\Binn\;C:\Program Files (x86)\Microsoft SQL Server\150\DTS\Binn\;C:\Program Files\Azure Data Studio\bin;C:\Program Files\nodejs\;C:\Program Files (x86)\Yarn\bin\;C:\Program Files\dotnet\;C:\Program Files\Git\cmd;C:\WINDOWS\system32;C:\WINDOWS;C:\WINDOWS\System32\Wbem;C:\WINDOWS\System32\WindowsPowerShell\v1.0\;C:\WINDOWS\System32\OpenSSH\;C:\Users\USER\.amplify\bin;C:\Users\USER\AppData\Local\Microsoft\WindowsApps;C:\Program Files\Azure Data Studio\bin;C:\Users\USER\AppData\Roaming\npm;C:\Users\USER\AppData\Local\Programs\Microsoft VS Code\bin;C:\Users\USER\AppData\Local\Yarn\bin;C:\Users\USER\AppData\Local\GitHubDesktop\bin;C:\Users\USER\.dotnet\tools;
USERNAME=USER
LANG=en_US.UTF-8
OS=Windows_NT
PROCESSOR_IDENTIFIER=Intel64 Family 6 Model 140 Stepping 1, GenuineIntel



---------------  S Y S T E M  ---------------

OS:
 Windows 11 , 64 bit Build 22621 (10.0.22621.1635)
OS uptime: 0 days 0:06 hours

CPU: total 8 (initial active 8) (4 cores per cpu, 2 threads per core) family 6 model 140 stepping 1 microcode 0x60, cx8, cmov, fxsr, ht, mmx, 3dnowpref, sse, sse2, sse3, ssse3, sse4.1, sse4.2, popcnt, lzcnt, tsc, tscinvbit, avx, avx2, aes, erms, clmul, bmi1, bmi2, adx, avx512f, avx512dq, avx512cd, avx512bw, avx512vl, sha, fma, vzeroupper, avx512_vpopcntdq, avx512_vpclmulqdq, avx512_vaes, avx512_vnni, clflush, clflushopt, clwb, avx512_vbmi2, avx512_vbmi

Memory: 4k page, system-wide physical 7893M (256M free)
TotalPageFile size 32469M (AvailPageFile size 6M)
current process WorkingSet (physical memory assigned to process): 432M, peak: 432M
current process commit charge ("private bytes"): 477M, peak: 478M

vm_info: Java HotSpot(TM) 64-Bit Server VM (18+36-2087) for windows-amd64 JRE (18+36-2087), built on Feb 15 2022 09:43:11 by "mach5one" with MS VC++ 16.8 / 16.9 (VS2019)

END.
